PARSER_DIST 2023-01-28 20:24:33,341 WARNING Не удалось получить координаты с яндекс улица Калининград г Калининград, ул Елизаветинская ЖК «Янтарный» Message: no such element: Unable to locate element: {"method":"css selector","selector":".toponym-card-title-view__coords-badge"}
  (Session info: headless chrome=109.0.5414.119)
Stacktrace:
#0 0x55f7c33d1303 <unknown>
#1 0x55f7c31a5d37 <unknown>
#2 0x55f7c31e25b2 <unknown>
#3 0x55f7c31e26c1 <unknown>
#4 0x55f7c321cb34 <unknown>
#5 0x55f7c32029ad <unknown>
#6 0x55f7c321a88c <unknown>
#7 0x55f7c3202753 <unknown>
#8 0x55f7c31d5a14 <unknown>
#9 0x55f7c31d6b7e <unknown>
#10 0x55f7c342032e <unknown>
#11 0x55f7c3423c0e <unknown>
#12 0x55f7c3406610 <unknown>
#13 0x55f7c3424c23 <unknown>
#14 0x55f7c33f8545 <unknown>
#15 0x55f7c34456a8 <unknown>
#16 0x55f7c3445836 <unknown>
#17 0x55f7c3460d13 <unknown>
#18 0x7fe09436fb43 <unknown>

PARSER_DIST 2023-01-28 20:24:33,394 INFO inf
Traceback (most recent call last):
  File "/home/lark/PROJECT/RealEstate/pars_script/position/get_position.py", line 142, in add_coord
    lat, lon = get_position_ya(street)
TypeError: cannot unpack non-iterable NoneType object
PARSER_DIST 2023-01-28 20:24:39,132 WARNING Не удалось получить координаты с яндекс улица Калининград Виктора Денисова/Флотская/Аксакова/Кипарисовая/Рихарда Зорге/Нальчикская/Таврическая/пр-д Крымский ЖК «Восто к» Message: no such element: Unable to locate element: {"method":"css selector","selector":".toponym-card-title-view__coords-badge"}
  (Session info: headless chrome=109.0.5414.119)
Stacktrace:
#0 0x56488a208303 <unknown>
#1 0x564889fdcd37 <unknown>
#2 0x56488a0195b2 <unknown>
#3 0x56488a0196c1 <unknown>
#4 0x56488a053b34 <unknown>
#5 0x56488a0399ad <unknown>
#6 0x56488a05188c <unknown>
#7 0x56488a039753 <unknown>
#8 0x56488a00ca14 <unknown>
#9 0x56488a00db7e <unknown>
#10 0x56488a25732e <unknown>
#11 0x56488a25ac0e <unknown>
#12 0x56488a23d610 <unknown>
#13 0x56488a25bc23 <unknown>
#14 0x56488a22f545 <unknown>
#15 0x56488a27c6a8 <unknown>
#16 0x56488a27c836 <unknown>
#17 0x56488a297d13 <unknown>
#18 0x7f1b57e03b43 <unknown>

PARSER_DIST 2023-01-28 20:24:39,184 INFO inf
Traceback (most recent call last):
  File "/home/lark/PROJECT/RealEstate/pars_script/position/get_position.py", line 138, in add_coord
    lat, lon = get_position_ya(street)
TypeError: cannot unpack non-iterable NoneType object
PARSER_DIST 2023-01-28 20:24:44,906 WARNING Не удалось получить координаты с яндекс улица Калининград Флагманская/Ульяны Громовой ЖК «Флагманс кий» Message: no such element: Unable to locate element: {"method":"css selector","selector":".toponym-card-title-view__coords-badge"}
  (Session info: headless chrome=109.0.5414.119)
Stacktrace:
#0 0x55a5bbcbb303 <unknown>
#1 0x55a5bba8fd37 <unknown>
#2 0x55a5bbacc5b2 <unknown>
#3 0x55a5bbacc6c1 <unknown>
#4 0x55a5bbb06b34 <unknown>
#5 0x55a5bbaec9ad <unknown>
#6 0x55a5bbb0488c <unknown>
#7 0x55a5bbaec753 <unknown>
#8 0x55a5bbabfa14 <unknown>
#9 0x55a5bbac0b7e <unknown>
#10 0x55a5bbd0a32e <unknown>
#11 0x55a5bbd0dc0e <unknown>
#12 0x55a5bbcf0610 <unknown>
#13 0x55a5bbd0ec23 <unknown>
#14 0x55a5bbce2545 <unknown>
#15 0x55a5bbd2f6a8 <unknown>
#16 0x55a5bbd2f836 <unknown>
#17 0x55a5bbd4ad13 <unknown>
#18 0x7f31822adb43 <unknown>

PARSER_DIST 2023-01-28 20:24:44,958 INFO inf
Traceback (most recent call last):
  File "/home/lark/PROJECT/RealEstate/pars_script/position/get_position.py", line 138, in add_coord
    lat, lon = get_position_ya(street)
TypeError: cannot unpack non-iterable NoneType object
PARSER_DIST 2023-01-28 20:24:50,577 WARNING Не удалось получить координаты с яндекс улица Калининград поселок Люблино Железнодорожная  20 Message: no such element: Unable to locate element: {"method":"css selector","selector":".toponym-card-title-view__coords-badge"}
  (Session info: headless chrome=109.0.5414.119)
Stacktrace:
#0 0x55b71c27f303 <unknown>
#1 0x55b71c053d37 <unknown>
#2 0x55b71c0905b2 <unknown>
#3 0x55b71c0906c1 <unknown>
#4 0x55b71c0cab34 <unknown>
#5 0x55b71c0b09ad <unknown>
#6 0x55b71c0c888c <unknown>
#7 0x55b71c0b0753 <unknown>
#8 0x55b71c083a14 <unknown>
#9 0x55b71c084b7e <unknown>
#10 0x55b71c2ce32e <unknown>
#11 0x55b71c2d1c0e <unknown>
#12 0x55b71c2b4610 <unknown>
#13 0x55b71c2d2c23 <unknown>
#14 0x55b71c2a6545 <unknown>
#15 0x55b71c2f36a8 <unknown>
#16 0x55b71c2f3836 <unknown>
#17 0x55b71c30ed13 <unknown>
#18 0x7f7b306b3b43 <unknown>

PARSER_DIST 2023-01-28 20:24:50,630 INFO inf
Traceback (most recent call last):
  File "/home/lark/PROJECT/RealEstate/pars_script/position/get_position.py", line 138, in add_coord
    lat, lon = get_position_ya(street)
TypeError: cannot unpack non-iterable NoneType object
PARSER_DIST 2023-01-28 20:24:56,116 WARNING Не удалось получить координаты с яндекс улица Калининград г Калининград, ул Орудийная ЖК «Трио» Message: no such element: Unable to locate element: {"method":"css selector","selector":".toponym-card-title-view__coords-badge"}
  (Session info: headless chrome=109.0.5414.119)
Stacktrace:
#0 0x55797061d303 <unknown>
#1 0x5579703f1d37 <unknown>
#2 0x55797042e5b2 <unknown>
#3 0x55797042e6c1 <unknown>
#4 0x557970468b34 <unknown>
#5 0x55797044e9ad <unknown>
#6 0x55797046688c <unknown>
#7 0x55797044e753 <unknown>
#8 0x557970421a14 <unknown>
#9 0x557970422b7e <unknown>
#10 0x55797066c32e <unknown>
#11 0x55797066fc0e <unknown>
#12 0x557970652610 <unknown>
#13 0x557970670c23 <unknown>
#14 0x557970644545 <unknown>
#15 0x5579706916a8 <unknown>
#16 0x557970691836 <unknown>
#17 0x5579706acd13 <unknown>
#18 0x7f40f6d2cb43 <unknown>

PARSER_DIST 2023-01-28 20:24:56,168 INFO inf
Traceback (most recent call last):
  File "/home/lark/PROJECT/RealEstate/pars_script/position/get_position.py", line 142, in add_coord
    lat, lon = get_position_ya(street)
TypeError: cannot unpack non-iterable NoneType object
PARSER_DIST 2023-01-28 20:25:01,244 WARNING Не удалось получить координаты с яндекс улица Калининград г Калининград, ул Поселковая ЖК «Голландия» Message: no such element: Unable to locate element: {"method":"css selector","selector":".toponym-card-title-view__coords-badge"}
  (Session info: headless chrome=109.0.5414.119)
Stacktrace:
#0 0x560c7dbb6303 <unknown>
#1 0x560c7d98ad37 <unknown>
#2 0x560c7d9c75b2 <unknown>
#3 0x560c7d9c76c1 <unknown>
#4 0x560c7da01b34 <unknown>
#5 0x560c7d9e79ad <unknown>
#6 0x560c7d9ff88c <unknown>
#7 0x560c7d9e7753 <unknown>
#8 0x560c7d9baa14 <unknown>
#9 0x560c7d9bbb7e <unknown>
#10 0x560c7dc0532e <unknown>
#11 0x560c7dc08c0e <unknown>
#12 0x560c7dbeb610 <unknown>
#13 0x560c7dc09c23 <unknown>
#14 0x560c7dbdd545 <unknown>
#15 0x560c7dc2a6a8 <unknown>
#16 0x560c7dc2a836 <unknown>
#17 0x560c7dc45d13 <unknown>
#18 0x7f5d84bcfb43 <unknown>

PARSER_DIST 2023-01-28 20:25:01,297 INFO inf
Traceback (most recent call last):
  File "/home/lark/PROJECT/RealEstate/pars_script/position/get_position.py", line 142, in add_coord
    lat, lon = get_position_ya(street)
TypeError: cannot unpack non-iterable NoneType object
PARSER_DIST 2023-01-28 20:25:06,693 INFO Данные по координатам по адресу Калининград г Калининград, ул Генерала Челнокова 38 получены успешно 
PARSER_DIST 2023-01-28 20:25:08,175 INFO Обновления id элемента яндекс
PARSER_DIST 2023-01-28 20:25:11,497 INFO Данные по координатам по адресу Калининград г Калининград, ул Аллея смелых 43 получены успешно 
PARSER_DIST 2023-01-28 20:25:12,809 INFO Обновления id элемента яндекс
PARSER_DIST 2023-01-28 20:25:16,103 INFO Данные по координатам по адресу Калининград г Калининград, ул Сергеева 61 получены успешно 
PARSER_DIST 2023-01-28 20:25:17,474 INFO Обновления id элемента яндекс
PARSER_DIST 2023-01-28 20:25:20,775 INFO Данные по координатам по адресу Калининград г Калининград, ул Тихоненко 58 получены успешно 
PARSER_DIST 2023-01-28 20:25:25,879 INFO Данные по координатам по адресу Калининград г Калининград, ул Лукашова 17 получены успешно 
PARSER_DIST 2023-01-28 20:25:31,514 INFO Данные по координатам по адресу Калининград г Калининград, ул Таганрогская 14 получены успешно 
PARSER_DIST 2023-01-28 20:25:36,972 INFO Данные по координатам по адресу Калининград Александра Суворова 149 получены успешно 
PARSER_DIST 2023-01-28 20:25:42,158 INFO Данные по координатам по адресу Калининград г Калининград, ул Колхозная 15 получены успешно 
PARSER_DIST 2023-01-28 20:25:47,324 INFO Данные по координатам по адресу Калининград г Калининград, Старопрегольская наб 2 получены успешно 
PARSER_DIST 2023-01-28 20:25:48,697 INFO Обновления id элемента яндекс
PARSER_DIST 2023-01-28 20:25:52,030 INFO Данные по координатам по адресу Калининград г Калининград, ул Тургенева 21 получены успешно 
PARSER_DIST 2023-01-28 20:25:57,266 INFO Данные по координатам по адресу Калининград г Калининград, Партизанский пер 1 получены успешно 
PARSER_DIST 2023-01-28 20:26:02,824 INFO Данные по координатам по адресу Калининград г Калининград, ул Карташева 46Г получены успешно 
PARSER_DIST 2023-01-28 20:26:08,319 INFO Данные по координатам по адресу Калининград г Калининград, ул Береговая 23 получены успешно 
PARSER_DIST 2023-01-28 20:26:13,555 INFO Данные по координатам по адресу Калининград г Калининград, ул Зеленая 70 получены успешно 
PARSER_DIST 2023-01-28 20:26:19,419 INFO Данные по координатам по адресу г Калининград, ул Куприна 1 получены успешно 
PARSER_DIST 2023-01-28 20:26:24,959 INFO Данные по координатам по адресу Калининград г Калининград, Ленинский пр-кт 76 получены успешно 
PARSER_DIST 2023-01-28 20:26:30,468 INFO Данные по координатам по адресу Калининград г Калининград, ул Островского 1Б получены успешно 
PARSER_DIST 2023-01-28 20:26:35,842 INFO Данные по координатам по адресу Калининград г Калининград, ул Зеленая 58 получены успешно 
PARSER_DIST 2023-01-28 20:26:41,051 INFO Данные по координатам по адресу Калининград г Калининград, ул Ясная 7 получены успешно 
PARSER_DIST 2023-01-28 20:26:46,255 INFO Данные по координатам по адресу Калининград г Калининград, пер Дмитрия Донского 30 получены успешно 
PARSER_DIST 2023-01-28 20:26:51,834 INFO Данные по координатам по адресу Калининград г Калининград, ул Карташева 4 получены успешно 
PARSER_DIST 2023-01-28 20:26:57,824 INFO Данные по координатам по адресу г Калининград, ул Профессора Баранова 45 получены успешно 
PARSER_DIST 2023-01-28 20:27:03,072 INFO Данные по координатам по адресу Калининград г Калининград, пр-кт Калинина 91 получены успешно 
PARSER_DIST 2023-01-28 20:27:08,290 INFO Данные по координатам по адресу Калининград г Калининград, ул Тургенева 25 получены успешно 
PARSER_DIST 2023-01-28 20:27:13,533 INFO Данные по координатам по адресу Калининград г Калининград, ул Зеленая 17 получены успешно 
PARSER_DIST 2023-01-28 20:27:18,881 INFO Данные по координатам по адресу Калининград г Калининград, ул Артиллерийская 53 получены успешно 
PARSER_DIST 2023-01-28 20:27:24,128 INFO Данные по координатам по адресу Калининград г Калининград, ул Летняя 58 получены успешно 
PARSER_DIST 2023-01-28 20:27:25,383 INFO Обновления id элемента яндекс
PARSER_DIST 2023-01-28 20:27:28,756 INFO Данные по координатам по адресу Калининград г Калининград, ул Интернациональная 39 получены успешно 
PARSER_DIST 2023-01-28 20:27:34,025 INFO Данные по координатам по адресу Калининград г Калининград, ул Коммунистическая 100 получены успешно 
PARSER_DIST 2023-01-28 20:27:35,322 INFO Обновления id элемента яндекс
PARSER_DIST 2023-01-28 20:27:38,653 INFO Данные по координатам по адресу Калининград г Калининград, ул Счастливая 17 получены успешно 
PARSER_DIST 2023-01-28 20:27:43,524 INFO Данные по координатам по адресу г Калининград, ул Саперная 3 получены успешно 
PARSER_DIST 2023-01-28 20:27:48,650 INFO Данные по координатам по адресу Калининград г Калининград, ул Нарвская 45 получены успешно 
PARSER_DIST 2023-01-28 20:27:53,920 INFO Данные по координатам по адресу Калининград г Калининград, ул Подполковника Емельянова 310 получены успешно 
PARSER_DIST 2023-01-28 20:27:55,174 INFO Обновления id элемента яндекс
PARSER_DIST 2023-01-28 20:27:58,569 INFO Данные по координатам по адресу Калининград г Калининград, Калининградское шоссе 24 получены успешно 
PARSER_DIST 2023-01-28 20:27:59,812 INFO Обновления id элемента яндекс
PARSER_DIST 2023-01-28 20:28:03,142 INFO Данные по координатам по адресу Калининград г Калининград, ул Ленинградская 36 получены успешно 
PARSER_DIST 2023-01-28 20:28:08,002 INFO Данные по координатам по адресу Калининград г Калининград, ул А.Невского 188 к1 получены успешно 
PARSER_DIST 2023-01-28 20:28:13,703 INFO Данные по координатам по адресу Калининград г Калининград, ул У.Громовой 117 получены успешно 
PARSER_DIST 2023-01-28 20:28:18,984 INFO Данные по координатам по адресу Калининград г Калининград, ул У.Громовой 77 получены успешно 
PARSER_DIST 2023-01-28 20:28:24,232 INFO Данные по координатам по адресу Калининград г Калининград, ул Л.Толстого 16А получены успешно 
PARSER_DIST 2023-01-28 20:28:29,922 INFO Данные по координатам по адресу Калининград г Калининград, ул Космонавта Леонова 61Г получены успешно 
PARSER_DIST 2023-01-28 20:28:35,331 INFO Данные по координатам по адресу Калининград г Калининград, ул Черниговская 42 получены успешно 
PARSER_DIST 2023-01-28 20:28:40,993 INFO Данные по координатам по адресу Калининград г Калининград, ул Киевская 130 получены успешно 
PARSER_DIST 2023-01-28 20:28:46,683 INFO Данные по координатам по адресу Калининград г Калининград, ул Пригородная 13  к5 получены успешно 
PARSER_DIST 2023-01-28 20:28:51,986 INFO Данные по координатам по адресу Калининград г Калининград, ул Пионерская 70 получены успешно 
PARSER_DIST 2023-01-28 20:28:57,178 INFO Данные по координатам по адресу Калининград г Калининград, ул Октябрьская 11 получены успешно 
PARSER_DIST 2023-01-28 20:29:02,669 INFO Данные по координатам по адресу Калининград г Калининград, ул Дунайская 5 получены успешно 
PARSER_DIST 2023-01-28 20:29:08,189 INFO Данные по координатам по адресу Калининград г Калининград, ул Нансена 37 получены успешно 
PARSER_DIST 2023-01-28 20:29:13,817 INFO Данные по координатам по адресу Калининград г Калининград, ул Репина 2А получены успешно 
PARSER_DIST 2023-01-28 20:29:19,098 INFO Данные по координатам по адресу Калининград г Калининград, Южный б-р 39 получены успешно 
PARSER_DIST 2023-01-28 20:29:25,087 INFO Данные по координатам по адресу Калининград г Калининград, ул Космонавта Леонова 49 получены успешно 
PARSER_DIST 2023-01-28 20:29:30,822 INFO Данные по координатам по адресу г Калининград, ул Большая Окружная 3-я 28 получены успешно 
PARSER_DIST 2023-01-28 20:29:36,391 INFO Данные по координатам по адресу Калининград г Калининград, ул Театральная 15 получены успешно 
PARSER_DIST 2023-01-28 20:29:41,977 INFO Данные по координатам по адресу Калининград г Калининград, Ленинский пр-кт 83Д получены успешно 
PARSER_DIST 2023-01-28 20:29:47,651 INFO Данные по координатам по адресу Калининград г Калининград, ул Малая Лесная 11 получены успешно 
PARSER_DIST 2023-01-28 20:29:53,263 INFO Данные по координатам по адресу Калининград г Калининград, ул Чернышевского 40 получены успешно 
PARSER_DIST 2023-01-28 20:29:58,710 INFO Данные по координатам по адресу Московская обл, г Королёв, мкр Болшево, ул Вокзальная 4 получены успешно 
PARSER_DIST 2023-01-28 20:30:03,570 INFO Данные по координатам по адресу Калининград г Калининград, Трамвайный пер 36 получены успешно 
PARSER_DIST 2023-01-28 20:30:08,785 INFO Данные по координатам по адресу Калининград г Калининград, ул Аксакова 110 получены успешно 
PARSER_DIST 2023-01-28 20:30:13,908 INFO Данные по координатам по адресу Калининград г Калининград, ул Р.Люксембург 4А получены успешно 
PARSER_DIST 2023-01-28 20:30:19,259 INFO Данные по координатам по адресу Калининград г Калининград, ул Минусинская 24 получены успешно 
PARSER_DIST 2023-01-28 20:30:24,706 INFO Данные по координатам по адресу Калининград поселок Ласкино Осенняя  2 к1 получены успешно 
PARSER_DIST 2023-01-28 20:30:29,983 INFO Данные по координатам по адресу Калининград г Калининград, ул Суздальская 11А получены успешно 
PARSER_DIST 2023-01-28 20:30:35,168 INFO Данные по координатам по адресу Калининград г Калининград, Центральная пл 71А получены успешно 
PARSER_DIST 2023-01-28 20:30:40,294 INFO Данные по координатам по адресу Калининград г Калининград, ул Красносельская 75 получены успешно 
PARSER_DIST 2023-01-28 20:30:45,504 INFO Данные по координатам по адресу Калининград г Калининград, ул Лейтенанта Калинина 19 получены успешно 
PARSER_DIST 2023-01-28 20:30:50,689 INFO Данные по координатам по адресу Калининград г Калининград, ул Минская 4 получены успешно 
PARSER_DIST 2023-01-28 20:30:56,213 INFO Данные по координатам по адресу Калининград г Калининград, ул Подполковника Емельянова 242В к1 получены успешно 
PARSER_DIST 2023-01-28 20:31:01,571 INFO Данные по координатам по адресу Калининград г Калининград, ул Генерала Соммера 68 получены успешно 
PARSER_DIST 2023-01-28 20:31:06,804 INFO Данные по координатам по адресу Калининград г Калининград, ул Гайдара 37 получены успешно 
PARSER_DIST 2023-01-28 20:31:11,989 INFO Данные по координатам по адресу Калининград г Калининград, ул Менделеева 6 получены успешно 
PARSER_DIST 2023-01-28 20:31:17,155 INFO Данные по координатам по адресу Калининград г Калининград, ул Жиленкова 8А получены успешно 
PARSER_DIST 2023-01-28 20:31:22,218 INFO Данные по координатам по адресу Калининград г Калининград, ул Коммунистическая 40 получены успешно 
PARSER_DIST 2023-01-28 20:31:23,450 INFO Обновления id элемента яндекс
PARSER_DIST 2023-01-28 20:31:26,857 INFO Данные по координатам по адресу Калининград г Калининград, ул Маршала Борзова 82 получены успешно 
PARSER_DIST 2023-01-28 20:31:32,868 INFO Данные по координатам по адресу Калининград садоводческое товарищество Победа Российс кая  1А получены успешно 
PARSER_DIST 2023-01-28 20:31:38,293 INFO Данные по координатам по адресу Калининград Виллима Фермора 4 получены успешно 
PARSER_DIST 2023-01-28 20:31:43,142 INFO Данные по координатам по адресу Калининград г Калининград, ул Краснодонская 7 получены успешно 
PARSER_DIST 2023-01-28 20:31:48,401 INFO Данные по координатам по адресу Калининград г Калининград, ул Орудийная 6.2 получены успешно 
PARSER_DIST 2023-01-28 20:31:53,989 INFO Данные по координатам по адресу Калининград г Калининград, ул Согласия 33 получены успешно 
PARSER_DIST 2023-01-28 20:31:59,206 INFO Данные по координатам по адресу Калининград г Калининград, ул Дунайская 10 получены успешно 
PARSER_DIST 2023-01-28 20:32:04,221 INFO Данные по координатам по адресу Калининград г Калининград, ул Лукашова 48 получены успешно 
PARSER_DIST 2023-01-28 20:32:05,495 INFO Обновления id элемента яндекс
PARSER_DIST 2023-01-28 20:32:08,826 INFO Данные по координатам по адресу Калининград г Калининград, ул Краснодонская 2 получены успешно 
PARSER_DIST 2023-01-28 20:32:14,273 INFO Данные по координатам по адресу г Калининград, ул Минина и Пожарского 6 получены успешно 
PARSER_DIST 2023-01-28 20:32:19,897 INFO Данные по координатам по адресу Калининград г Калининград 12Б получены успешно 
PARSER_DIST 2023-01-28 20:32:25,133 INFO Данные по координатам по адресу Калининград г Калининград, ул Счастливая 18 получены успешно 
PARSER_DIST 2023-01-28 20:32:30,713 INFO Данные по координатам по адресу Калининград г Калининград, ул Белорусская 11 получены успешно 
PARSER_DIST 2023-01-28 20:32:36,038 INFO Данные по координатам по адресу Калининград г Калининград, ул Аксакова 131 получены успешно 
PARSER_DIST 2023-01-28 20:32:42,326 INFO Данные по координатам по адресу Калининград г Калининград, ул Подполковника Емельянова 54 получены успешно 
PARSER_DIST 2023-01-28 20:32:47,507 INFO Данные по координатам по адресу Калининград г Калининград, ул Генерала Соммера 46 получены успешно 
PARSER_DIST 2023-01-28 20:32:53,074 INFO Данные по координатам по адресу Калининград г Калининград, ул Карташева 32Д получены успешно 
PARSER_DIST 2023-01-28 20:32:58,201 INFO Данные по координатам по адресу Калининград г Калининград, ул Садовая 13 получены успешно 
PARSER_DIST 2023-01-28 20:33:03,859 INFO Данные по координатам по адресу Калининград г Калининград, ул Новгородская 5  к1 получены успешно 
PARSER_DIST 2023-01-28 20:33:05,238 INFO Обновления id элемента яндекс
PARSER_DIST 2023-01-28 20:33:08,564 INFO Данные по координатам по адресу Калининград г Калининград, ул Докука 27А получены успешно 
PARSER_DIST 2023-01-28 20:33:13,723 INFO Данные по координатам по адресу Калининград г Калининград, ул Фрунзе 52 получены успешно 
PARSER_DIST 2023-01-28 20:33:18,937 INFO Данные по координатам по адресу Калининград г Калининград, Московский пр-кт 23 получены успешно 
PARSER_DIST 2023-01-28 20:33:24,340 INFO Данные по координатам по адресу Калининград Московская обл, г Королёв, мкр Первомайский, ул Клары Цеткин 19 получены успешно 
PARSER_DIST 2023-01-28 20:33:29,720 INFO Данные по координатам по адресу Калининград г Калининград, ул Банковская 18 получены успешно 
PARSER_DIST 2023-01-28 20:33:35,333 INFO Данные по координатам по адресу Калининград г Калининград, ул Тихоненко 73А получены успешно 
PARSER_DIST 2023-01-28 20:33:36,589 INFO Обновления id элемента яндекс
PARSER_DIST 2023-01-28 20:33:39,993 INFO Данные по координатам по адресу Калининград г Калининград, ул Галактическая 16 получены успешно 
PARSER_DIST 2023-01-28 20:33:45,584 INFO Данные по координатам по адресу Калининград г Калининград, ул Согласия 56 получены успешно 
PARSER_DIST 2023-01-28 20:33:46,837 INFO Обновления id элемента яндекс
PARSER_DIST 2023-01-28 20:33:50,145 INFO Данные по координатам по адресу Калининград г Калининград, ул Чекистов 86 получены успешно 
PARSER_DIST 2023-01-28 20:33:55,249 INFO Данные по координатам по адресу Калининград г Калининград, ул Чекистов 56 получены успешно 
PARSER_DIST 2023-01-28 20:34:00,430 INFO Данные по координатам по адресу Калининград г Калининград, ул Грига 48 получены успешно 
PARSER_DIST 2023-01-28 20:34:05,544 INFO Данные по координатам по адресу Калининград г Калининград, ул Сержанта Мишина 68В получены успешно 
PARSER_DIST 2023-01-28 20:34:07,102 INFO Обновления id элемента яндекс
PARSER_DIST 2023-01-28 20:34:10,437 INFO Данные по координатам по адресу г Калининград, тер. СНТ Дельфин, ул Сельская 6 получены успешно 
PARSER_DIST 2023-01-28 20:34:15,508 INFO Данные по координатам по адресу Калининград г Калининград, ул Земельная 6 получены успешно 
PARSER_DIST 2023-01-28 20:34:21,486 INFO Данные по координатам по адресу г Калининград, ул Азовская 2 получены успешно 
PARSER_DIST 2023-01-28 20:34:27,519 INFO Данные по координатам по адресу г Калининград, ул Транспортная 22 получены успешно 
PARSER_DIST 2023-01-28 20:34:32,734 INFO Данные по координатам по адресу Калининград г Калининград, Ленинский пр-кт 83Б получены успешно 
PARSER_DIST 2023-01-28 20:34:38,147 INFO Данные по координатам по адресу Калининград г Калининград, ул Мариупольская 20 получены успешно 
PARSER_DIST 2023-01-28 20:34:43,251 INFO Данные по координатам по адресу Калининград г Калининград, ул Аксакова 102Б получены успешно 
PARSER_DIST 2023-01-28 20:34:48,356 INFO Данные по координатам по адресу Калининград г Калининград, ул Комсомольская 66 получены успешно 
PARSER_DIST 2023-01-28 20:34:49,638 INFO Обновления id элемента яндекс
PARSER_DIST 2023-01-28 20:34:52,983 INFO Данные по координатам по адресу Калининград г Калининград, ул Больничная 7 получены успешно 
PARSER_DIST 2023-01-28 20:34:58,441 INFO Данные по координатам по адресу г Калининград, ул Клинская 6 получены успешно 
PARSER_DIST 2023-01-28 20:35:03,679 INFO Данные по координатам по адресу Калининград г Калининград, ул Генерала Павлова 30 получены успешно 
PARSER_DIST 2023-01-28 20:35:09,082 INFO Данные по координатам по адресу Калининград г Калининград, ул Космонавта Леонова 46 получены успешно 
PARSER_DIST 2023-01-28 20:35:14,484 INFO Данные по координатам по адресу Калининград г Калининград, ул А.Невского 179 получены успешно 
PARSER_DIST 2023-01-28 20:35:19,931 INFO Данные по координатам по адресу Калининград г Калининград, ул Генерала Буткова 20  к1 получены успешно 
PARSER_DIST 2023-01-28 20:35:21,523 INFO Обновления id элемента яндекс
PARSER_DIST 2023-01-28 20:35:24,902 INFO Данные по координатам по адресу Калининград Любови Шевцовой 44 получены успешно 
PARSER_DIST 2023-01-28 20:35:30,537 INFO Данные по координатам по адресу Калининград г Калининград, ул Подполковника Емельянова 84А получены успешно 
PARSER_DIST 2023-01-28 20:35:35,939 INFO Данные по координатам по адресу г Калининград, пер Трамвайный 2-й 4 получены успешно 
PARSER_DIST 2023-01-28 20:35:41,165 INFO Данные по координатам по адресу Калининград г Калининград, ул Куйбышева 113А получены успешно 
PARSER_DIST 2023-01-28 20:35:46,002 INFO Данные по координатам по адресу Калининград г Калининград, ул Зоологическая 29 получены успешно 
PARSER_DIST 2023-01-28 20:35:51,438 INFO Данные по координатам по адресу Калининград г Калининград, ул Садовая 23 получены успешно 
PARSER_DIST 2023-01-28 20:35:57,018 INFO Данные по координатам по адресу Калининград г Калининград, ул Колхозная 9 получены успешно 
PARSER_DIST 2023-01-28 20:36:02,752 INFO Данные по координатам по адресу Калининград г Калининград, ул Старшины Дадаева 59 получены успешно 
PARSER_DIST 2023-01-28 20:36:08,354 INFO Данные по координатам по адресу Калининград г Калининград, ул Старокаменная 30 получены успешно 
PARSER_DIST 2023-01-28 20:36:13,469 INFO Данные по координатам по адресу Калининград г Калининград, ул Багратиона 35 получены успешно 
PARSER_DIST 2023-01-28 20:36:14,790 INFO Обновления id элемента яндекс
PARSER_DIST 2023-01-28 20:36:18,118 INFO Данные по координатам по адресу Калининград г Калининград, пр-кт Калинина 27 получены успешно 
PARSER_DIST 2023-01-28 20:36:23,787 INFO Данные по координатам по адресу Калининград г Калининград, ул Пролетарская 87 получены успешно 
PARSER_DIST 2023-01-28 20:36:28,924 INFO Данные по координатам по адресу Калининград г Калининград, ул Малая Лесная 24 получены успешно 
PARSER_DIST 2023-01-28 20:36:34,371 INFO Данные по координатам по адресу г Калининград, ул Фабричная 7 получены успешно 
PARSER_DIST 2023-01-28 20:36:40,060 WARNING Не удалось получить координаты с яндекс улица Калининград Батальная/Олега Кошевого ЖК «Стерео» Message: no such element: Unable to locate element: {"method":"css selector","selector":".toponym-card-title-view__coords-badge"}
  (Session info: headless chrome=109.0.5414.119)
Stacktrace:
#0 0x55f66ef9e303 <unknown>
#1 0x55f66ed72d37 <unknown>
#2 0x55f66edaf5b2 <unknown>
#3 0x55f66edaf6c1 <unknown>
#4 0x55f66ede9b34 <unknown>
#5 0x55f66edcf9ad <unknown>
#6 0x55f66ede788c <unknown>
#7 0x55f66edcf753 <unknown>
#8 0x55f66eda2a14 <unknown>
#9 0x55f66eda3b7e <unknown>
#10 0x55f66efed32e <unknown>
#11 0x55f66eff0c0e <unknown>
#12 0x55f66efd3610 <unknown>
#13 0x55f66eff1c23 <unknown>
#14 0x55f66efc5545 <unknown>
#15 0x55f66f0126a8 <unknown>
#16 0x55f66f012836 <unknown>
#17 0x55f66f02dd13 <unknown>
#18 0x7f402b6aeb43 <unknown>

PARSER_DIST 2023-01-28 20:36:40,112 INFO inf
Traceback (most recent call last):
  File "/home/lark/PROJECT/RealEstate/pars_script/position/get_position.py", line 138, in add_coord
    lat, lon = get_position_ya(street)
TypeError: cannot unpack non-iterable NoneType object
PARSER_DIST 2023-01-28 20:36:45,611 WARNING Не удалось получить координаты с яндекс улица Калининград Артиллерийская/Героя России Мариенко ЖК «Нахимовс кий Message: no such element: Unable to locate element: {"method":"css selector","selector":".toponym-card-title-view__coords-badge"}
  (Session info: headless chrome=109.0.5414.119)
Stacktrace:
#0 0x5634fdc93303 <unknown>
#1 0x5634fda67d37 <unknown>
#2 0x5634fdaa45b2 <unknown>
#3 0x5634fdaa46c1 <unknown>
#4 0x5634fdadeb34 <unknown>
#5 0x5634fdac49ad <unknown>
#6 0x5634fdadc88c <unknown>
#7 0x5634fdac4753 <unknown>
#8 0x5634fda97a14 <unknown>
#9 0x5634fda98b7e <unknown>
#10 0x5634fdce232e <unknown>
#11 0x5634fdce5c0e <unknown>
#12 0x5634fdcc8610 <unknown>
#13 0x5634fdce6c23 <unknown>
#14 0x5634fdcba545 <unknown>
#15 0x5634fdd076a8 <unknown>
#16 0x5634fdd07836 <unknown>
#17 0x5634fdd22d13 <unknown>
#18 0x7fa2862c0b43 <unknown>

PARSER_DIST 2023-01-28 20:36:45,664 INFO inf
Traceback (most recent call last):
  File "/home/lark/PROJECT/RealEstate/pars_script/position/get_position.py", line 138, in add_coord
    lat, lon = get_position_ya(street)
TypeError: cannot unpack non-iterable NoneType object
PARSER_DIST 2023-01-28 20:36:51,099 WARNING Не удалось получить координаты с яндекс улица Калининград Маршала Борзова/Ломоносова/Спортивная ЖК «Альпы» Message: no such element: Unable to locate element: {"method":"css selector","selector":".toponym-card-title-view__coords-badge"}
  (Session info: headless chrome=109.0.5414.119)
Stacktrace:
#0 0x5636d6793303 <unknown>
#1 0x5636d6567d37 <unknown>
#2 0x5636d65a45b2 <unknown>
#3 0x5636d65a46c1 <unknown>
#4 0x5636d65deb34 <unknown>
#5 0x5636d65c49ad <unknown>
#6 0x5636d65dc88c <unknown>
#7 0x5636d65c4753 <unknown>
#8 0x5636d6597a14 <unknown>
#9 0x5636d6598b7e <unknown>
#10 0x5636d67e232e <unknown>
#11 0x5636d67e5c0e <unknown>
#12 0x5636d67c8610 <unknown>
#13 0x5636d67e6c23 <unknown>
#14 0x5636d67ba545 <unknown>
#15 0x5636d68076a8 <unknown>
#16 0x5636d6807836 <unknown>
#17 0x5636d6822d13 <unknown>
#18 0x7fe80e4c6b43 <unknown>

PARSER_DIST 2023-01-28 20:36:51,151 INFO inf
Traceback (most recent call last):
  File "/home/lark/PROJECT/RealEstate/pars_script/position/get_position.py", line 138, in add_coord
    lat, lon = get_position_ya(street)
TypeError: cannot unpack non-iterable NoneType object
PARSER_DIST 2023-01-28 20:36:56,748 WARNING Не удалось получить координаты с яндекс улица Калининград г Калининград, ул Октябрьская ЖК «Рыбная деревня» Message: no such element: Unable to locate element: {"method":"css selector","selector":".toponym-card-title-view__coords-badge"}
  (Session info: headless chrome=109.0.5414.119)
Stacktrace:
#0 0x55fc720f1303 <unknown>
#1 0x55fc71ec5d37 <unknown>
#2 0x55fc71f025b2 <unknown>
#3 0x55fc71f026c1 <unknown>
#4 0x55fc71f3cb34 <unknown>
#5 0x55fc71f229ad <unknown>
#6 0x55fc71f3a88c <unknown>
#7 0x55fc71f22753 <unknown>
#8 0x55fc71ef5a14 <unknown>
#9 0x55fc71ef6b7e <unknown>
#10 0x55fc7214032e <unknown>
#11 0x55fc72143c0e <unknown>
#12 0x55fc72126610 <unknown>
#13 0x55fc72144c23 <unknown>
#14 0x55fc72118545 <unknown>
#15 0x55fc721656a8 <unknown>
#16 0x55fc72165836 <unknown>
#17 0x55fc72180d13 <unknown>
#18 0x7f2594823b43 <unknown>

PARSER_DIST 2023-01-28 20:36:56,801 INFO inf
Traceback (most recent call last):
  File "/home/lark/PROJECT/RealEstate/pars_script/position/get_position.py", line 142, in add_coord
    lat, lon = get_position_ya(street)
TypeError: cannot unpack non-iterable NoneType object
PARSER_DIST 2023-01-28 20:37:02,302 INFO Данные по координатам по адресу Калининград г Калининград, ул Черняховского 74 получены успешно 
PARSER_DIST 2023-01-28 20:37:08,247 INFO Данные по координатам по адресу Калининград г Калининград, ул Нарвская 87 получены успешно 
PARSER_DIST 2023-01-28 20:37:13,826 INFO Данные по координатам по адресу Калининград г Калининград, ул А.Толстого 40 получены успешно 
PARSER_DIST 2023-01-28 20:37:19,262 INFO Данные по координатам по адресу г Калининград, ул Линейная 5 получены успешно 
PARSER_DIST 2023-01-28 20:37:24,586 INFO Данные по координатам по адресу Калининград г Калининград, ул Парковая 3А получены успешно 
PARSER_DIST 2023-01-28 20:37:30,188 INFO Данные по координатам по адресу Калининград г Калининград, ул Машиностроительная 64 получены успешно 
PARSER_DIST 2023-01-28 20:37:35,768 INFO Данные по координатам по адресу Калининград г Калининград, ул Колхозная 18 получены успешно 
PARSER_DIST 2023-01-28 20:37:40,927 INFO Данные по координатам по адресу Калининград г Калининград, ул Уютная 12 получены успешно 
PARSER_DIST 2023-01-28 20:37:46,108 INFO Данные по координатам по адресу Калининград Московская обл, г Королёв, ул Кооперативная 18А получены успешно 
PARSER_DIST 2023-01-28 20:37:51,875 INFO Данные по координатам по адресу Калининград г Калининград, Московский пр-кт 142 получены успешно 
PARSER_DIST 2023-01-28 20:37:57,433 INFO Данные по координатам по адресу Калининград г Калининград, ул 9 Апреля 10 получены успешно 
PARSER_DIST 2023-01-28 20:38:02,912 INFO Данные по координатам по адресу Калининград г Калининград, ул Мукомольная 11 получены успешно 
PARSER_DIST 2023-01-28 20:38:08,326 INFO Данные по координатам по адресу Калининград Марины Расковой 7 получены успешно 
PARSER_DIST 2023-01-28 20:38:13,928 INFO Данные по координатам по адресу Калининград г Калининград, ул Батальная 110 получены успешно 
PARSER_DIST 2023-01-28 20:38:15,194 INFO Обновления id элемента яндекс
PARSER_DIST 2023-01-28 20:38:18,544 INFO Данные по координатам по адресу Калининград г Калининград, ул Первомайская 3 получены успешно 
PARSER_DIST 2023-01-28 20:38:23,648 INFO Данные по координатам по адресу Калининград г Калининград, ул Куйбышева 89 получены успешно 
PARSER_DIST 2023-01-28 20:38:28,974 INFO Данные по координатам по адресу Калининград г Калининград, ул У.Громовой 107 получены успешно 
PARSER_DIST 2023-01-28 20:38:34,774 INFO Данные по координатам по адресу Калининград г Калининград, ул Ангарская 82 получены успешно 
PARSER_DIST 2023-01-28 20:38:36,068 INFO Обновления id элемента яндекс
PARSER_DIST 2023-01-28 20:38:39,434 INFO Данные по координатам по адресу Калининград г Калининград, ул Генерала Павлова 40 получены успешно 
PARSER_DIST 2023-01-28 20:38:45,358 INFO Данные по координатам по адресу Калининград г Калининград, ул Тихорецкая 16 получены успешно 
PARSER_DIST 2023-01-28 20:38:51,025 INFO Данные по координатам по адресу Калининград г Калининград, ул Репина 12 получены успешно 
PARSER_DIST 2023-01-28 20:38:56,260 INFO Данные по координатам по адресу Калининград г Калининград, ул Харьковская 69 получены успешно 
PARSER_DIST 2023-01-28 20:39:01,520 INFO Данные по координатам по адресу Калининград г Калининград, ул Вагоностроительная 35 получены успешно 
PARSER_DIST 2023-01-28 20:39:06,768 INFO Данные по координатам по адресу Калининград г Калининград, ул Кирова 3 получены успешно 
PARSER_DIST 2023-01-28 20:39:11,938 INFO Данные по координатам по адресу Калининград г Калининград, ул Лазурная 8 получены успешно 
PARSER_DIST 2023-01-28 20:39:17,119 INFO Данные по координатам по адресу Калининград г Калининград, ул Багратиона 82 получены успешно 
PARSER_DIST 2023-01-28 20:39:22,244 INFO Данные по координатам по адресу Калининград г Калининград, ул Римская 20 получены успешно 
PARSER_DIST 2023-01-28 20:39:27,868 INFO Данные по координатам по адресу г Калининград, ул Немировича-Данченко 8 получены успешно 
PARSER_DIST 2023-01-28 20:39:33,339 INFO Данные по координатам по адресу Калининград Богдана Хмельницкого 12 получены успешно 
PARSER_DIST 2023-01-28 20:39:38,595 INFO Данные по координатам по адресу Калининград г Калининград, ул Стрелецкая 21А получены успешно 
PARSER_DIST 2023-01-28 20:39:43,921 INFO Данные по координатам по адресу Калининград г Калининград, Московский пр-кт 34 получены успешно 
PARSER_DIST 2023-01-28 20:39:49,213 INFO Данные по координатам по адресу Калининград г Калининград, ул Октябрьская 7 получены успешно 
PARSER_DIST 2023-01-28 20:39:50,467 INFO Обновления id элемента яндекс
PARSER_DIST 2023-01-28 20:39:53,863 INFO Данные по координатам по адресу Калининград г Калининград, ул Машиностроительная 112 получены успешно 
PARSER_DIST 2023-01-28 20:39:55,127 INFO Обновления id элемента яндекс
PARSER_DIST 2023-01-28 20:39:58,457 INFO Данные по координатам по адресу Калининград г Калининград, ул Чувашская 13 получены успешно 
PARSER_DIST 2023-01-28 20:40:03,649 INFO Данные по координатам по адресу Калининград г Калининград, пр-кт Мира 100 получены успешно 
PARSER_DIST 2023-01-28 20:40:08,852 INFO Данные по координатам по адресу Калининград г Калининград, ул Танковая 4 получены успешно 
PARSER_DIST 2023-01-28 20:40:14,240 WARNING Не удалось получить координаты с яндекс улица Калининград Горького/3-я Большая Окружная ЖК «Альпенштадт» Message: no such element: Unable to locate element: {"method":"css selector","selector":".toponym-card-title-view__coords-badge"}
  (Session info: headless chrome=109.0.5414.119)
Stacktrace:
#0 0x55a699c8e303 <unknown>
#1 0x55a699a62d37 <unknown>
#2 0x55a699a9f5b2 <unknown>
#3 0x55a699a9f6c1 <unknown>
#4 0x55a699ad9b34 <unknown>
#5 0x55a699abf9ad <unknown>
#6 0x55a699ad788c <unknown>
#7 0x55a699abf753 <unknown>
#8 0x55a699a92a14 <unknown>
#9 0x55a699a93b7e <unknown>
#10 0x55a699cdd32e <unknown>
#11 0x55a699ce0c0e <unknown>
#12 0x55a699cc3610 <unknown>
#13 0x55a699ce1c23 <unknown>
#14 0x55a699cb5545 <unknown>
#15 0x55a699d026a8 <unknown>
#16 0x55a699d02836 <unknown>
#17 0x55a699d1dd13 <unknown>
#18 0x7f0f8dac9b43 <unknown>

PARSER_DIST 2023-01-28 20:40:14,293 INFO inf
Traceback (most recent call last):
  File "/home/lark/PROJECT/RealEstate/pars_script/position/get_position.py", line 138, in add_coord
    lat, lon = get_position_ya(street)
TypeError: cannot unpack non-iterable NoneType object
PARSER_DIST 2023-01-28 20:40:19,403 WARNING Не удалось получить координаты с яндекс улица Калининград г Калининград, ул Еловая аллея Жилой дом «Клён» Message: no such element: Unable to locate element: {"method":"css selector","selector":".toponym-card-title-view__coords-badge"}
  (Session info: headless chrome=109.0.5414.119)
Stacktrace:
#0 0x564e9ba43303 <unknown>
#1 0x564e9b817d37 <unknown>
#2 0x564e9b8545b2 <unknown>
#3 0x564e9b8546c1 <unknown>
#4 0x564e9b88eb34 <unknown>
#5 0x564e9b8749ad <unknown>
#6 0x564e9b88c88c <unknown>
#7 0x564e9b874753 <unknown>
#8 0x564e9b847a14 <unknown>
#9 0x564e9b848b7e <unknown>
#10 0x564e9ba9232e <unknown>
#11 0x564e9ba95c0e <unknown>
#12 0x564e9ba78610 <unknown>
#13 0x564e9ba96c23 <unknown>
#14 0x564e9ba6a545 <unknown>
#15 0x564e9bab76a8 <unknown>
#16 0x564e9bab7836 <unknown>
#17 0x564e9bad2d13 <unknown>
#18 0x7feb6d8f5b43 <unknown>

PARSER_DIST 2023-01-28 20:40:19,456 INFO inf
Traceback (most recent call last):
  File "/home/lark/PROJECT/RealEstate/pars_script/position/get_position.py", line 142, in add_coord
    lat, lon = get_position_ya(street)
TypeError: cannot unpack non-iterable NoneType object
PARSER_DIST 2023-01-28 20:40:24,563 INFO Данные по координатам по адресу Калининград г Калининград, ул Пионерская 68 получены успешно 
PARSER_DIST 2023-01-28 20:40:29,755 INFO Данные по координатам по адресу Калининград г Калининград, ул Тельмана 46А получены успешно 
PARSER_DIST 2023-01-28 20:40:34,841 INFO Данные по координатам по адресу Калининград г Калининград, ул Летняя 49 получены успешно 
PARSER_DIST 2023-01-28 20:40:40,117 INFO Данные по координатам по адресу Калининград г Калининград, ул Павлика Морозова 93 получены успешно 
PARSER_DIST 2023-01-28 20:40:41,384 INFO Обновления id элемента яндекс
PARSER_DIST 2023-01-28 20:40:44,734 INFO Данные по координатам по адресу Калининград г Калининград, ул Багратиона 130 получены успешно 
PARSER_DIST 2023-01-28 20:40:49,948 INFO Данные по координатам по адресу Калининград г Калининград, ул Л.Голикова 9 получены успешно 
PARSER_DIST 2023-01-28 20:40:55,649 INFO Данные по координатам по адресу г Калининград, ул Хрисанфова 9 получены успешно 
PARSER_DIST 2023-01-28 20:40:56,915 INFO Обновления id элемента яндекс
PARSER_DIST 2023-01-28 20:41:00,233 INFO Данные по координатам по адресу Калининград г Калининград, ул Беговая 9 получены успешно 
PARSER_DIST 2023-01-28 20:41:01,478 INFO Обновления id элемента яндекс
PARSER_DIST 2023-01-28 20:41:04,816 INFO Данные по координатам по адресу Калининград г Калининград, ул Багратиона 158 получены успешно 
PARSER_DIST 2023-01-28 20:41:06,075 INFO Обновления id элемента яндекс
PARSER_DIST 2023-01-28 20:41:09,466 INFO Данные по координатам по адресу Калининград г Калининград, ул Космонавта Леонова 37 получены успешно 
PARSER_DIST 2023-01-28 20:41:15,056 INFO Данные по координатам по адресу Калининград г Калининград, ул Мариупольская 16 получены успешно 
PARSER_DIST 2023-01-28 20:41:20,397 INFO Данные по координатам по адресу Калининград г Калининград, ул Малоярославская 2 получены успешно 
PARSER_DIST 2023-01-28 20:41:25,750 INFO Данные по координатам по адресу Калининград г Калининград, ул Киевская 109 получены успешно 
PARSER_DIST 2023-01-28 20:41:27,086 INFO Обновления id элемента яндекс
PARSER_DIST 2023-01-28 20:41:30,400 INFO Данные по координатам по адресу Калининград г Калининград, пр-кт Мира 121 получены успешно 
PARSER_DIST 2023-01-28 20:41:35,483 WARNING Не удалось получить координаты с яндекс улица Калининград г Калининград, ул Интернациональная ЖК «Белый сад» Message: no such element: Unable to locate element: {"method":"css selector","selector":".toponym-card-title-view__coords-badge"}
  (Session info: headless chrome=109.0.5414.119)
Stacktrace:
#0 0x5639fc1e1303 <unknown>
#1 0x5639fbfb5d37 <unknown>
#2 0x5639fbff25b2 <unknown>
#3 0x5639fbff26c1 <unknown>
#4 0x5639fc02cb34 <unknown>
#5 0x5639fc0129ad <unknown>
#6 0x5639fc02a88c <unknown>
#7 0x5639fc012753 <unknown>
#8 0x5639fbfe5a14 <unknown>
#9 0x5639fbfe6b7e <unknown>
#10 0x5639fc23032e <unknown>
#11 0x5639fc233c0e <unknown>
#12 0x5639fc216610 <unknown>
#13 0x5639fc234c23 <unknown>
#14 0x5639fc208545 <unknown>
#15 0x5639fc2556a8 <unknown>
#16 0x5639fc255836 <unknown>
#17 0x5639fc270d13 <unknown>
#18 0x7f95dca3ab43 <unknown>

PARSER_DIST 2023-01-28 20:41:35,536 INFO inf
Traceback (most recent call last):
  File "/home/lark/PROJECT/RealEstate/pars_script/position/get_position.py", line 142, in add_coord
    lat, lon = get_position_ya(street)
TypeError: cannot unpack non-iterable NoneType object
PARSER_DIST 2023-01-28 20:41:40,950 INFO Данные по координатам по адресу Калининград г Калининград, ул Добролюбова 25 получены успешно 
PARSER_DIST 2023-01-28 20:41:46,806 INFO Данные по координатам по адресу Калининград г Калининград, ул Нансена 45 получены успешно 
PARSER_DIST 2023-01-28 20:41:52,784 INFO Данные по координатам по адресу Калининград Лилии Иванихиной 12 получены успешно 
PARSER_DIST 2023-01-28 20:41:58,313 INFO Данные по координатам по адресу Калининград г Калининград, ул Генерала Толстикова 15/1 получены успешно 
PARSER_DIST 2023-01-28 20:42:03,800 INFO Данные по координатам по адресу г Калининград, тер ООВГ "Южный", ряд Ж-1 1 получены успешно 
PARSER_DIST 2023-01-28 20:42:09,877 INFO Данные по координатам по адресу Калининград г Калининград, ул Чернышевского 62 получены успешно 
PARSER_DIST 2023-01-28 20:42:15,070 INFO Данные по координатам по адресу Калининград г Калининград, ул Орудийная 1 получены успешно 
PARSER_DIST 2023-01-28 20:42:20,450 INFO Данные по координатам по адресу Калининград г Калининград, ул Балтийская 23 получены успешно 
PARSER_DIST 2023-01-28 20:42:25,702 INFO Данные по координатам по адресу Калининград г Калининград, ул Красносельская 51 получены успешно 
PARSER_DIST 2023-01-28 20:42:26,998 INFO Обновления id элемента яндекс
PARSER_DIST 2023-01-28 20:42:30,380 INFO Данные по координатам по адресу Калининград г Калининград, Центральная пл 34 получены успешно 
PARSER_DIST 2023-01-28 20:42:35,993 INFO Данные по координатам по адресу Калининград г Калининград, ул Интернациональная 52 получены успешно 
PARSER_DIST 2023-01-28 20:42:41,318 INFO Данные по координатам по адресу Калининград г Калининград, Парковый пер 7 к2 получены успешно 
PARSER_DIST 2023-01-28 20:42:46,914 INFO Данные по координатам по адресу Калининград г Калининград, ул Жиленкова 3 получены успешно 
PARSER_DIST 2023-01-28 20:42:51,968 INFO Данные по координатам по адресу Калининград г Калининград, ул Летняя 60 получены успешно 
PARSER_DIST 2023-01-28 20:42:57,171 INFO Данные по координатам по адресу Калининград г Калининград, ул Лазурная 11 получены успешно 
PARSER_DIST 2023-01-28 20:43:02,407 INFO Данные по координатам по адресу Калининград г Калининград, ул Белибейская 22 получены успешно 
PARSER_DIST 2023-01-28 20:43:08,076 INFO Данные по координатам по адресу Калининград г Калининград, ул Интернациональная 54 получены успешно 
PARSER_DIST 2023-01-28 20:43:36,073 INFO Данные по координатам по адресу Калининград г Калининград, ул Черняховского 78 получены успешно 
PARSER_DIST 2023-01-28 20:43:41,228 INFO Данные по координатам по адресу Калининград г Калининград, ул Орудийная 86 получены успешно 
PARSER_DIST 2023-01-28 20:43:46,324 INFO Данные по координатам по адресу Калининград г Калининград, ул Фрунзе 62 получены успешно 
PARSER_DIST 2023-01-28 20:43:52,291 INFO Данные по координатам по адресу Калининград Любови Шевцовой 64 получены успешно 
PARSER_DIST 2023-01-28 20:43:57,383 INFO Данные по координатам по адресу Калининград г Калининград, ул А.Невского 51В получены успешно 
PARSER_DIST 2023-01-28 20:44:02,564 INFO Данные по координатам по адресу Калининград г Калининград, ул Красносельская 39 получены успешно 
PARSER_DIST 2023-01-28 20:44:07,731 INFO Данные по координатам по адресу Калининград г Калининград, ул Коммунистическая 43А получены успешно 
PARSER_DIST 2023-01-28 20:44:12,948 INFO Данные по координатам по адресу Калининград г Калининград, ул Офицерская 13А получены успешно 
PARSER_DIST 2023-01-28 20:44:18,174 INFO Данные по координатам по адресу Калининград г Калининград, ул Согласия 27 получены успешно 
PARSER_DIST 2023-01-28 20:44:23,742 INFO Данные по координатам по адресу Калининград г Калининград, ул Генерала Павлова 16 получены успешно 
PARSER_DIST 2023-01-28 20:44:28,956 INFO Данные по координатам по адресу Калининград г Калининград, ул А.Невского 1 получены успешно 
PARSER_DIST 2023-01-28 20:44:34,160 INFO Данные по координатам по адресу Калининград г Калининград, Московский пр-кт 80 получены успешно 
PARSER_DIST 2023-01-28 20:44:39,286 INFO Данные по координатам по адресу Калининград г Калининград, ул Нарвская 70 получены успешно 
PARSER_DIST 2023-01-28 20:44:44,424 INFO Данные по координатам по адресу Калининград г Калининград, ул 9 Апреля 52 получены успешно 
PARSER_DIST 2023-01-28 20:44:49,660 INFO Данные по координатам по адресу Калининград г Калининград, ул Пионерская 13 получены успешно 
PARSER_DIST 2023-01-28 20:44:55,176 WARNING Не удалось получить координаты с яндекс улица Калининград Южное Полукольцо ЖК «Пальмбург» Message: no such element: Unable to locate element: {"method":"css selector","selector":".toponym-card-title-view__coords-badge"}
  (Session info: headless chrome=109.0.5414.119)
Stacktrace:
#0 0x55dcf02df303 <unknown>
#1 0x55dcf00b3d37 <unknown>
#2 0x55dcf00f05b2 <unknown>
#3 0x55dcf00f06c1 <unknown>
#4 0x55dcf012ab34 <unknown>
#5 0x55dcf01109ad <unknown>
#6 0x55dcf012888c <unknown>
#7 0x55dcf0110753 <unknown>
#8 0x55dcf00e3a14 <unknown>
#9 0x55dcf00e4b7e <unknown>
#10 0x55dcf032e32e <unknown>
#11 0x55dcf0331c0e <unknown>
#12 0x55dcf0314610 <unknown>
#13 0x55dcf0332c23 <unknown>
#14 0x55dcf0306545 <unknown>
#15 0x55dcf03536a8 <unknown>
#16 0x55dcf0353836 <unknown>
#17 0x55dcf036ed13 <unknown>
#18 0x7f74ca920b43 <unknown>

PARSER_DIST 2023-01-28 20:44:55,228 INFO inf
Traceback (most recent call last):
  File "/home/lark/PROJECT/RealEstate/pars_script/position/get_position.py", line 138, in add_coord
    lat, lon = get_position_ya(street)
TypeError: cannot unpack non-iterable NoneType object
PARSER_DIST 2023-01-28 20:45:00,432 INFO Данные по координатам по адресу Калининград г Калининград, ул Казанская 12 получены успешно 
PARSER_DIST 2023-01-28 20:45:05,901 INFO Данные по координатам по адресу г Калининград, Театральный пер 3 получены успешно 
PARSER_DIST 2023-01-28 20:45:11,215 INFO Данные по координатам по адресу Калининград г Калининград, ул Зоологическая 44 получены успешно 
PARSER_DIST 2023-01-28 20:45:16,328 INFO Данные по координатам по адресу Калининград г Калининград, ул Согласия 10 получены успешно 
PARSER_DIST 2023-01-28 20:45:21,434 INFO Данные по координатам по адресу Калининград г Калининград, ул Алданская 38 получены успешно 
PARSER_DIST 2023-01-28 20:45:26,593 INFO Данные по координатам по адресу Калининград г Калининград, Трамвайный пер 7 получены успешно 
PARSER_DIST 2023-01-28 20:45:31,841 INFO Данные по координатам по адресу Калининград г Калининград, ул З.Космодемьянской 37 получены успешно 
PARSER_DIST 2023-01-28 20:45:37,254 INFO Данные по координатам по адресу Калининград г Калининград, ул Генерала Соммера 56 получены успешно 
PARSER_DIST 2023-01-28 20:45:42,469 INFO Данные по координатам по адресу Калининград г Калининград, ул Генерала Толстикова 19 получены успешно 
PARSER_DIST 2023-01-28 20:45:48,156 INFO Данные по координатам по адресу Калининград г Калининград, ул Молочинского 25 получены успешно 
PARSER_DIST 2023-01-28 20:45:53,451 INFO Данные по координатам по адресу Калининград г Калининград, ул Шахматная 4В получены успешно 
PARSER_DIST 2023-01-28 20:45:58,953 INFO Данные по координатам по адресу Калининград г Калининград, ул Балтийская 38 получены успешно 
PARSER_DIST 2023-01-28 20:46:04,510 INFO Данные по координатам по адресу Калининград г Калининград, ул Еловая аллея 55 получены успешно 
PARSER_DIST 2023-01-28 20:46:09,691 INFO Данные по координатам по адресу Калининград г Калининград, ул Орудийная 79 получены успешно 
PARSER_DIST 2023-01-28 20:46:15,426 INFO Данные по координатам по адресу г Калининград, ул Куприна 7 получены успешно 
PARSER_DIST 2023-01-28 20:46:20,551 INFO Данные по координатам по адресу Калининград г Калининград, ул Озерная 5В получены успешно 
PARSER_DIST 2023-01-28 20:46:25,732 INFO Данные по координатам по адресу Калининград г Калининград, ул Гайдара 121 получены успешно 
PARSER_DIST 2023-01-28 20:46:31,567 INFO Данные по координатам по адресу г Калининград, Сухумский пер 11 получены успешно 
PARSER_DIST 2023-01-28 20:46:37,124 INFO Данные по координатам по адресу Калининград г Калининград, ул Киевская 125 получены успешно 
PARSER_DIST 2023-01-28 20:46:42,416 INFO Данные по координатам по адресу Калининград г Калининград, Ленинский пр-кт 45А получены успешно 
PARSER_DIST 2023-01-28 20:46:47,793 INFO Данные по координатам по адресу Калининград г Калининград, ул Коммунистическая 98 получены успешно 
PARSER_DIST 2023-01-28 20:46:52,922 INFO Данные по координатам по адресу Калининград г Калининград, ул Печатная 47 получены успешно 
PARSER_DIST 2023-01-28 20:46:57,970 INFO Данные по координатам по адресу Калининград г Калининград, пр-кт Победы 125 получены успешно 
PARSER_DIST 2023-01-28 20:46:59,316 INFO Обновления id элемента яндекс
PARSER_DIST 2023-01-28 20:47:02,675 INFO Данные по координатам по адресу Калининград г Калининград, ул Суздальская 20  к1 получены успешно 
PARSER_DIST 2023-01-28 20:47:07,788 INFO Данные по координатам по адресу Калининград г Калининград, ул Мариупольская 7 получены успешно 
PARSER_DIST 2023-01-28 20:47:12,694 INFO Данные по координатам по адресу Калининград г Калининград, ул Партизана Железняка 8 получены успешно 
PARSER_DIST 2023-01-28 20:47:17,840 INFO Данные по координатам по адресу Калининград г Калининград, ул Космонавта Леонова 55 к4 получены успешно 
PARSER_DIST 2023-01-28 20:47:22,934 INFO Данные по координатам по адресу Калининград г Калининград, ул Энгельса 25 получены успешно 
PARSER_DIST 2023-01-28 20:47:28,413 INFO Данные по координатам по адресу Калининград г Калининград, ул Партизана Железняка 18 получены успешно 
PARSER_DIST 2023-01-28 20:47:33,815 INFO Данные по координатам по адресу Калининград Любови Шевцовой 82 получены успешно 
PARSER_DIST 2023-01-28 20:47:39,074 INFO Данные по координатам по адресу Калининград г Калининград, ул Согласия 50 получены успешно 
PARSER_DIST 2023-01-28 20:47:44,488 INFO Данные по координатам по адресу Калининград г Калининград, ул Зоологическая 50 получены успешно 
PARSER_DIST 2023-01-28 20:47:49,625 INFO Данные по координатам по адресу Калининград г Калининград, ул Октябрьская 15 получены успешно 
PARSER_DIST 2023-01-28 20:47:54,872 INFO Данные по координатам по адресу Калининград г Калининград, ул Черняховского 5 получены успешно 
PARSER_DIST 2023-01-28 20:48:00,219 INFO Данные по координатам по адресу Калининград г Калининград, ул Литовский Вал 48 получены успешно 
PARSER_DIST 2023-01-28 20:48:06,120 INFO Данные по координатам по адресу г Калининград, ул Нахимова 4 получены успешно 
PARSER_DIST 2023-01-28 20:48:11,257 INFO Данные по координатам по адресу Калининград г Калининград, ул З.Космодемьянской 23 получены успешно 
PARSER_DIST 2023-01-28 20:48:16,781 INFO Данные по координатам по адресу Калининград г Калининград, ул Курортная 75 получены успешно 
PARSER_DIST 2023-01-28 20:48:22,117 INFO Данные по координатам по адресу Калининград г Калининград, ул Коммунистическая 58В получены успешно 
PARSER_DIST 2023-01-28 20:48:27,552 INFO Данные по координатам по адресу Калининград г Калининград, ул Госпитальная 26 получены успешно 
PARSER_DIST 2023-01-28 20:48:32,689 INFO Данные по координатам по адресу Калининград г Калининград, Московский пр-кт 9 получены успешно 
PARSER_DIST 2023-01-28 20:48:37,948 INFO Данные по координатам по адресу Калининград г Калининград, ул Свободная 14 получены успешно 
PARSER_DIST 2023-01-28 20:48:43,295 INFO Данные по координатам по адресу Калининград Георгия Димитрова 51 получены успешно 
PARSER_DIST 2023-01-28 20:48:49,538 INFO Данные по координатам по адресу Калининград г Калининград, ул Аллея смелых 200Б получены успешно 
PARSER_DIST 2023-01-28 20:48:54,963 INFO Данные по координатам по адресу Калининград г Калининград, ул Лукашова 50 получены успешно 
PARSER_DIST 2023-01-28 20:49:00,554 INFO Данные по координатам по адресу Калининград г Калининград, ул Глинки 40 получены успешно 
PARSER_DIST 2023-01-28 20:49:05,757 INFO Данные по координатам по адресу Калининград г Калининград, ул Пролетарская 80 получены успешно 
PARSER_DIST 2023-01-28 20:49:11,015 INFO Данные по координатам по адресу Калининград г Калининград, ул Поселковая 22 получены успешно 
