Активация скрипта - Sat 18 Feb 2023 05:45:05 PM MSK
Скрипт закончил выполнениеSat 18 Feb 2023 05:45:06 PM MSK
Активация скрипта - Sat 18 Feb 2023 05:51:46 PM MSK
Активация скрипта - Sat 18 Feb 2023 06:07:29 PM MSK
В базу закачалось 1 квартрира с айдишником 2484074137 c адресом , Светлогорск, Майский пр., 9
В базу закачалось 2 квартрира с айдишником 2778178890 c адресом , Светлогорск, Майский пр., 9
В базу закачалось 3 квартрира с айдишником 2778344885 c адресом , Светлогорск, Майский пр., 9
В базу закачалось 4 квартрира с айдишником 2236221085 c адресом , Светлогорск, Майский пр., 9
В базу закачалось 5 квартрира с айдишником 2087249851 c адресом Светлогорск, Майский проезд, 9
В базу закачалось 6 квартрира с айдишником 2728216131 c адресом , Светлогорск, Майский пр., 3
В базу закачалось 7 квартрира с айдишником 2721654217 c адресом , Светлогорск, ул. Карла Маркса, 5А
В базу закачалось 8 квартрира с айдишником 2622400819 c адресом Светлогорск, Майский проезд, 3
KeyboardInterrupt
-------------------------------------------------
Активация скрипта - Sat 18 Feb 2023 06:48:49 PM MSK
В базу закачалось 1 квартрира с айдишником 2648893424 c адресом Московский пр-т, 154
В базу закачалось 2 квартрира с айдишником 2683047071 c адресом Шахматная ул., 2В
В базу закачалось 3 квартрира с айдишником 2654513697 c адресом ул. Фрунзе, 96
В базу закачалось 4 квартрира с айдишником 2733625655 c адресом ул. Аксакова, 127
В базу закачалось 5 квартрира с айдишником 2743826250 c адресом ул. Алябьева, 1
В базу закачалось 6 квартрира с айдишником 2665267909 c адресом пер. Щорса, 6
В базу закачалось 7 квартрира с айдишником 2797669023 c адресом ул. Согласия, 26
В базу закачалось 8 квартрира с айдишником 2759988808 c адресом ул. Космонавта Пацаева, 6А
В базу закачалось 9 квартрира с айдишником 2751193544 c адресом улица Менделеева, 11
В базу закачалось 10 квартрира с айдишником 2308291894 c адресом , , Уютная ул., 3
В базу закачалось 11 квартрира с айдишником 2569809255 c адресом Партизанский переулок, 5
В базу закачалось 12 квартрира с айдишником 2485941207 c адресом Белгородская ул., 24
В базу закачалось 13 квартрира с айдишником 2737742920 c адресом ул. Марины Расковой, 7
В базу закачалось 14 квартрира с айдишником 2619151802 c адресом ул. Подполковника Емельянова, 253
В базу закачалось 15 квартрира с айдишником 2704125079 c адресом пр-т Мира, 72
В базу закачалось 16 квартрира с айдишником 2796934941 c адресом Судостроительная ул., 89
В базу закачалось 17 квартрира с айдишником 2374801994 c адресом Ольштынская улица, 7
квартрира с айдишником 2721650043 c адресом Центральная пл. не была закачена
В базу закачалось 19 квартрира с айдишником 2769459565 c адресом Артиллерийская ул., 63
В базу закачалось 20 квартрира с айдишником 2490374513 c адресом Восточный переулок, 2
В базу закачалось 21 квартрира с айдишником 2752289196 c адресом улица Куйбышева, 65А
В базу закачалось 22 квартрира с айдишником 2598919086 c адресом Мирная улица, 1к2
В базу закачалось 23 квартрира с айдишником 2765968859 c адресом , , ул. Талькова, 7А
В базу закачалось 24 квартрира с айдишником 2590541908 c адресом ул. Генерала Челнокова, 52
В базу закачалось 25 квартрира с айдишником 2586448070 c адресом Минусинская ул., 22
В базу закачалось 26 квартрира с айдишником 2125320302 c адресом Зоологическая ул., 29
В базу закачалось 27 квартрира с айдишником 2761450762 c адресом ул. Богдана Хмельницкого, 79
В базу закачалось 28 квартрира с айдишником 2577909678 c адресом ул. Виталия Мариенко, 3
В базу закачалось 29 квартрира с айдишником 2724371503 c адресом Светлая ул., 22
В базу закачалось 30 квартрира с айдишником 2744010123 c адресом Пролетарская ул., 37
В базу закачалось 31 квартрира с айдишником 2669511544 c адресом ул. Маршала Баграмяна, 36
В базу закачалось 32 квартрира с айдишником 2779162247 c адресом Интернациональная ул., 70
В базу закачалось 33 квартрира с айдишником 2765445671 c адресом Брусничная ул., 9

KeyboardInterrupt
-------------------------------------------------
Активация скрипта - Sat 18 Feb 2023 07:05:05 PM MSK
-------------------------------------------------
Активация скрипта - Sat 18 Feb 2023 07:08:01 PM MSK
Скрипт закончил выполнение - Sat 18 Feb 2023 07:08:02 PM MSK
-------------------------------------------------
-------------------------------------------------
Активация скрипта - Sat 18 Feb 2023 07:11:01 PM MSK
-------------------------------------------------
Активация скрипта - Sat 18 Feb 2023 11:49:52 PM MSK
-------------------------------------------------
Активация скрипта - Sat 18 Feb 2023 11:56:27 PM MSK
-------------------------------------------------
Активация скрипта - Sun 19 Feb 2023 01:00:02 AM MSK
Скрипт закончил выполнение - Sun 19 Feb 2023 12:59:54 PM MSK
-------------------------------------------------
-------------------------------------------------
Активация скрипта - Sun 19 Feb 2023 02:59:14 PM MSK
Скрипт закончил выполнение - Sun 19 Feb 2023 02:59:25 PM MSK
-------------------------------------------------
-------------------------------------------------
Активация скрипта - Sun 19 Feb 2023 03:01:51 PM MSK
Скрипт закончил выполнение - Sun 19 Feb 2023 07:41:42 PM MSK
-------------------------------------------------
-------------------------------------------------
Активация скрипта - Mon 20 Feb 2023 01:00:01 AM MSK
Скрипт закончил выполнение - Mon 20 Feb 2023 04:40:45 AM MSK
-------------------------------------------------
-------------------------------------------------
Активация скрипта - Tue 21 Feb 2023 01:00:01 AM MSK
Скрипт закончил выполнение - Tue 21 Feb 2023 02:13:47 AM MSK
-------------------------------------------------
-------------------------------------------------
Активация скрипта - Wed 22 Feb 2023 01:00:01 AM MSK
Скрипт закончил выполнение - Wed 22 Feb 2023 05:07:09 AM MSK
-------------------------------------------------
