Sat 18 Feb 2023 07:45:01 PM MSK
Sat 18 Feb 2023 07:50:01 PM MSK
Sat 18 Feb 2023 07:51:24 PM MSK
Expanded display is on.
NOTICE:  Перехватли ошибку division_by_zero
NOTICE:  Данные по дисатнции от дома №58766 до обьекта №46732168 успешно загружены
NOTICE:  Запрос №179454I выполнен успешно
NOTICE:  Данные по дисатнции от дома №58766 до обьекта №1319723 успешно загружены
NOTICE:  Запрос №179455I выполнен успешно
NOTICE:  Данные по дисатнции от дома №58766 до обьекта №1319730 успешно загружены
NOTICE:  Запрос №179456I выполнен успешно
NOTICE:  Данные по дисатнции от дома №58766 до обьекта №1321790 успешно загружены
NOTICE:  Запрос №179457I выполнен успешно
NOTICE:  Данные по дисатнции от дома №58766 до обьекта №103842685 успешно загружены
NOTICE:  Запрос №179458I выполнен успешно
NOTICE:  Данные по дисатнции от дома №58766 до обьекта №310492726 успешно загружены
NOTICE:  Запрос №179459I выполнен успешно
NOTICE:  Данные по дисатнции от дома №58766 до обьекта №150736129 успешно загружены
NOTICE:  Запрос №179460I выполнен успешно
NOTICE:  Данные по дисатнции от дома №58766 до обьекта №150736128 успешно загружены
NOTICE:  Запрос №179461I выполнен успешно
NOTICE:  Данные по дисатнции от дома №58766 до обьекта №46733146 успешно загружены
NOTICE:  Запрос №179462I выполнен успешно
NOTICE:  Данные по дисатнции от дома №58766 до обьекта №238694174 успешно загружены
NOTICE:  Запрос №179463I выполнен успешно
NOTICE:  Данные по дисатнции от дома №58766 до обьекта №34919617 успешно загружены
NOTICE:  Запрос №179464I выполнен успешно
NOTICE:  Данные по дисатнции от дома №58766 до обьекта №46731541 успешно загружены
NOTICE:  Запрос №179465I выполнен успешно
NOTICE:  Данные по дисатнции от дома №58766 до обьекта №70757132 успешно загружены
NOTICE:  Запрос №179466I выполнен успешно
NOTICE:  Данные по дисатнции от дома №58766 до обьекта №70757140 успешно загружены
NOTICE:  Запрос №179467I выполнен успешно
NOTICE:  Данные по дисатнции от дома №58766 до обьекта №70757142 успешно загружены
NOTICE:  Запрос №179468I выполнен успешно
NOTICE:  Данные по дисатнции от дома №58766 до обьекта №70757145 успешно загружены
NOTICE:  Запрос №179469I выполнен успешно
NOTICE:  Данные по дисатнции от дома №58766 до обьекта №71424053 успешно загружены
NOTICE:  Запрос №179470I выполнен успешно
NOTICE:  Данные по дисатнции от дома №58766 до обьекта №71424061 успешно загружены
NOTICE:  Запрос №179471I выполнен успешно
NOTICE:  Данные по дисатнции от дома №58766 до обьекта №310396604 успешно загружены
NOTICE:  Запрос №179472I выполнен успешно
NOTICE:  Данные по дисатнции от дома №58766 до обьекта №310396714 успешно загружены
NOTICE:  Запрос №179473I выполнен успешно
NOTICE:  Данные по дисатнции от дома №58766 до обьекта №310396748 успешно загружены
NOTICE:  Запрос №179474I выполнен успешно
NOTICE:  Данные по дисатнции от дома №58766 до обьекта №1338736 успешно загружены
NOTICE:  Запрос №179475I выполнен успешно
NOTICE:  Перехватли ошибку division_by_zero
NOTICE:  Данные по дисатнции от дома №58766 до обьекта №46731686 успешно загружены
NOTICE:  Запрос №179476I выполнен успешно
NOTICE:  Данные по дисатнции от дома №58766 до обьекта №49205976 успешно загружены
NOTICE:  Запрос №179477I выполнен успешно
NOTICE:  Перехватли ошибку division_by_zero
NOTICE:  Данные по дисатнции от дома №58767 до обьекта №220714778 успешно загружены
NOTICE:  Запрос №179478I выполнен успешно
NOTICE:  Данные по дисатнции от дома №58767 до обьекта №10966112 успешно загружены
NOTICE:  Запрос №179479I выполнен успешно
NOTICE:  Данные по дисатнции от дома №58767 до обьекта №89404476 успешно загружены
NOTICE:  Запрос №179480I выполнен успешно
NOTICE:  Данные по дисатнции от дома №58767 до обьекта №389695122 успешно загружены
NOTICE:  Запрос №179481I выполнен успешно
NOTICE:  Данные по дисатнции от дома №58767 до обьекта №101430359 успешно загружены
NOTICE:  Запрос №179482I выполнен успешно
NOTICE:  Перехватли ошибку division_by_zero
NOTICE:  Данные по дисатнции от дома №58767 до обьекта №154663517 успешно загружены
NOTICE:  Запрос №179483I выполнен успешно
NOTICE:  Данные по дисатнции от дома №58767 до обьекта №1307427 успешно загружены
NOTICE:  Запрос №179484I выполнен успешно
NOTICE:  Данные по дисатнции от дома №58767 до обьекта №4505253 успешно загружены
NOTICE:  Запрос №179485I выполнен успешно
NOTICE:  Данные по дисатнции от дома №58767 до обьекта №1087926299 успешно загружены
NOTICE:  Запрос №179486I выполнен успешно
NOTICE:  Данные по дисатнции от дома №58767 до обьекта №4505252 успешно загружены
NOTICE:  Запрос №179487I выполнен успешно
NOTICE:  Перехватли ошибку division_by_zero
NOTICE:  Данные по дисатнции от дома №58768 до обьекта №41768212 успешно загружены
NOTICE:  Запрос №179488I выполнен успешно
NOTICE:  Данные по дисатнции от дома №58768 до обьекта №46472355 успешно загружены
NOTICE:  Запрос №179489I выполнен успешно
NOTICE:  Данные по дисатнции от дома №58768 до обьекта №46472358 успешно загружены
NOTICE:  Запрос №179490I выполнен успешно
NOTICE:  Данные по дисатнции от дома №58768 до обьекта №80972640 успешно загружены
NOTICE:  Запрос №179491I выполнен успешно
NOTICE:  Данные по дисатнции от дома №58768 до обьекта №91249515 успешно загружены
NOTICE:  Запрос №179492I выполнен успешно
NOTICE:  Данные по дисатнции от дома №58768 до обьекта №232518438 успешно загружены
NOTICE:  Запрос №179493I выполнен успешно
NOTICE:  Данные по дисатнции от дома №58768 до обьекта №429887013 успешно загружены
NOTICE:  Запрос №179494I выполнен успешно
NOTICE:  Данные по дисатнции от дома №58768 до обьекта №429887014 успешно загружены
NOTICE:  Запрос №179495I выполнен успешно
NOTICE:  Данные по дисатнции от дома №58768 до обьекта №429887015 успешно загружены
NOTICE:  Запрос №179496I выполнен успешно
NOTICE:  Данные по дисатнции от дома №58768 до обьекта №429887017 успешно загружены
NOTICE:  Запрос №179497I выполнен успешно
NOTICE:  Данные по дисатнции от дома №58768 до обьекта №429887018 успешно загружены
NOTICE:  Запрос №179498I выполнен успешно
NOTICE:  Данные по дисатнции от дома №58768 до обьекта №988277189 успешно загружены
NOTICE:  Запрос №179499I выполнен успешно
NOTICE:  Данные по дисатнции от дома №58768 до обьекта №1395288 успешно загружены
NOTICE:  Запрос №179500I выполнен успешно
NOTICE:  Данные по дисатнции от дома №58768 до обьекта №88528084 успешно загружены
NOTICE:  Запрос №179501I выполнен успешно
NOTICE:  Данные по дисатнции от дома №58768 до обьекта №88700736 успешно загружены
NOTICE:  Запрос №179502I выполнен успешно
NOTICE:  Данные по дисатнции от дома №58768 до обьекта №89404488 успешно загружены
NOTICE:  Запрос №179503I выполнен успешно
NOTICE:  Данные по дисатнции от дома №58768 до обьекта №89634579 успешно загружены
NOTICE:  Запрос №179504I выполнен успешно
NOTICE:  Данные по дисатнции от дома №58768 до обьекта №352906313 успешно загружены
NOTICE:  Запрос №179505I выполнен успешно
NOTICE:  Данные по дисатнции от дома №58768 до обьекта №1309860 успешно загружены
NOTICE:  Запрос №179506I выполнен успешно
NOTICE:  Данные по дисатнции от дома №58768 до обьекта №1312363 успешно загружены
NOTICE:  Запрос №179507I выполнен успешно
NOTICE:  Данные по дисатнции от дома №58768 до обьекта №1312366 успешно загружены
NOTICE:  Запрос №179508I выполнен успешно
NOTICE:  Данные по дисатнции от дома №58768 до обьекта №1314172 успешно загружены
NOTICE:  Запрос №179509I выполнен успешно
NOTICE:  Данные по дисатнции от дома №58768 до обьекта №1319724 успешно загружены
NOTICE:  Запрос №179510I выполнен успешно
NOTICE:  Данные по дисатнции от дома №58768 до обьекта №1321805 успешно загружены
NOTICE:  Запрос №179511I выполнен успешно
NOTICE:  Данные по дисатнции от дома №58768 до обьекта №140373580 успешно загружены
NOTICE:  Запрос №179512I выполнен успешно
NOTICE:  Данные по дисатнции от дома №58768 до обьекта №805049170 успешно загружены
NOTICE:  Запрос №179513I выполнен успешно
NOTICE:  Данные по дисатнции от дома №58768 до обьекта №88357687 успешно загружены
NOTICE:  Запрос №179514I выполнен успешно
NOTICE:  Данные по дисатнции от дома №58768 до обьекта №108722401 успешно загружены
NOTICE:  Запрос №179515I выполнен успешно
NOTICE:  Данные по дисатнции от дома №58768 до обьекта №545914101 успешно загружены
NOTICE:  Запрос №179516I выполнен успешно
NOTICE:  Данные по дисатнции от дома №58768 до обьекта №1053096493 успешно загружены
NOTICE:  Запрос №179517I выполнен успешно
NOTICE:  Данные по дисатнции от дома №58768 до обьекта №1308505 успешно загружены
NOTICE:  Запрос №179518I выполнен успешно
NOTICE:  Перехватли ошибку division_by_zero
NOTICE:  Данные по дисатнции от дома №58768 до обьекта №90653895 успешно загружены
NOTICE:  Запрос №179519I выполнен успешно
NOTICE:  Данные по дисатнции от дома №58768 до обьекта №158192309 успешно загружены
NOTICE:  Запрос №179520I выполнен успешно
NOTICE:  Данные по дисатнции от дома №58768 до обьекта №45242598 успешно загружены
NOTICE:  Запрос №179521I выполнен успешно
NOTICE:  Данные по дисатнции от дома №58768 до обьекта №1308506 успешно загружены
NOTICE:  Запрос №179522I выполнен успешно
NOTICE:  Данные по дисатнции от дома №58768 до обьекта №1395292 успешно загружены
NOTICE:  Запрос №179523I выполнен успешно
NOTICE:  Данные по дисатнции от дома №58768 до обьекта №77039742 успешно загружены
NOTICE:  Запрос №179524I выполнен успешно
NOTICE:  Данные по дисатнции от дома №58768 до обьекта №161401842 успешно загружены
NOTICE:  Запрос №179525I выполнен успешно
NOTICE:  Данные по дисатнции от дома №58768 до обьекта №734623094 успешно загружены
NOTICE:  Запрос №179526I выполнен успешно
NOTICE:  Данные по дисатнции от дома №58768 до обьекта №1172502 успешно загружены
NOTICE:  Запрос №179527I выполнен успешно
NOTICE:  Данные по дисатнции от дома №58768 до обьекта №14651875 успешно загружены
NOTICE:  Запрос №179528I выполнен успешно
NOTICE:  Данные по дисатнции от дома №58768 до обьекта №89970274 успешно загружены
NOTICE:  Запрос №179529I выполнен успешно
NOTICE:  Данные по дисатнции от дома №58768 до обьекта №91240770 успешно загружены
NOTICE:  Запрос №179530I выполнен успешно
NOTICE:  Данные по дисатнции от дома №58768 до обьекта №1321804 успешно загружены
NOTICE:  Запрос №179531I выполнен успешно
NOTICE:  Данные по дисатнции от дома №58768 до обьекта №1325164 успешно загружены
NOTICE:  Запрос №179532I выполнен успешно
NOTICE:  Данные по дисатнции от дома №58768 до обьекта №1325171 успешно загружены
NOTICE:  Запрос №179533I выполнен успешно
NOTICE:  Данные по дисатнции от дома №58768 до обьекта №1325173 успешно загружены
NOTICE:  Запрос №179534I выполнен успешно
NOTICE:  Данные по дисатнции от дома №58768 до обьекта №1338682 успешно загружены
NOTICE:  Запрос №179535I выполнен успешно
NOTICE:  Данные по дисатнции от дома №58768 до обьекта №1338754 успешно загружены
NOTICE:  Запрос №179536I выполнен успешно
NOTICE:  Данные по дисатнции от дома №58768 до обьекта №45243130 успешно загружены
NOTICE:  Запрос №179537I выполнен успешно
NOTICE:  Данные по дисатнции от дома №58768 до обьекта №88215410 успешно загружены
NOTICE:  Запрос №179538I выполнен успешно
NOTICE:  Данные по дисатнции от дома №58768 до обьекта №172882576 успешно загружены
NOTICE:  Запрос №179539I выполнен успешно
NOTICE:  Данные по дисатнции от дома №58768 до обьекта №1307584 успешно загружены
NOTICE:  Запрос №179540I выполнен успешно
NOTICE:  Данные по дисатнции от дома №58768 до обьекта №1307714 успешно загружены
NOTICE:  Запрос №179541I выполнен успешно
NOTICE:  Данные по дисатнции от дома №58768 до обьекта №1308498 успешно загружены
NOTICE:  Запрос №179542I выполнен успешно
NOTICE:  Данные по дисатнции от дома №58768 до обьекта №1308495 успешно загружены
NOTICE:  Запрос №179543I выполнен успешно
NOTICE:  Перехватли ошибку division_by_zero
NOTICE:  Данные по дисатнции от дома №58768 до обьекта №58649311 успешно загружены
NOTICE:  Запрос №179544I выполнен успешно
NOTICE:  Данные по дисатнции от дома №58768 до обьекта №1124201314 успешно загружены
NOTICE:  Запрос №179545I выполнен успешно
NOTICE:  Данные по дисатнции от дома №58768 до обьекта №1124201323 успешно загружены
NOTICE:  Запрос №179546I выполнен успешно
NOTICE:  Данные по дисатнции от дома №58768 до обьекта №1124201324 успешно загружены
NOTICE:  Запрос №179547I выполнен успешно
NOTICE:  Перехватли ошибку division_by_zero
NOTICE:  Данные по дисатнции от дома №58789 до обьекта №66345210 успешно загружены
NOTICE:  Запрос №179548I выполнен успешно
NOTICE:  Данные по дисатнции от дома №58789 до обьекта №66345247 успешно загружены
NOTICE:  Запрос №179549I выполнен успешно
NOTICE:  Данные по дисатнции от дома №58789 до обьекта №77693018 успешно загружены
NOTICE:  Запрос №179550I выполнен успешно
NOTICE:  Данные по дисатнции от дома №58789 до обьекта №77693020 успешно загружены
NOTICE:  Запрос №179551I выполнен успешно
NOTICE:  Данные по дисатнции от дома №58789 до обьекта №77693023 успешно загружены
NOTICE:  Запрос №179552I выполнен успешно
NOTICE:  Данные по дисатнции от дома №58789 до обьекта №77693025 успешно загружены
NOTICE:  Запрос №179553I выполнен успешно
NOTICE:  Данные по дисатнции от дома №58789 до обьекта №77693030 успешно загружены
NOTICE:  Запрос №179554I выполнен успешно
NOTICE:  Данные по дисатнции от дома №58789 до обьекта №77693032 успешно загружены
NOTICE:  Запрос №179555I выполнен успешно
NOTICE:  Данные по дисатнции от дома №58789 до обьекта №77693033 успешно загружены
NOTICE:  Запрос №179556I выполнен успешно
NOTICE:  Данные по дисатнции от дома №58789 до обьекта №77693034 успешно загружены
NOTICE:  Запрос №179557I выполнен успешно
NOTICE:  Данные по дисатнции от дома №58789 до обьекта №91254557 успешно загружены
NOTICE:  Запрос №179558I выполнен успешно
NOTICE:  Данные по дисатнции от дома №58789 до обьекта №149030389 успешно загружены
NOTICE:  Запрос №179559I выполнен успешно
NOTICE:  Данные по дисатнции от дома №58789 до обьекта №170093366 успешно загружены
NOTICE:  Запрос №179560I выполнен успешно
NOTICE:  Данные по дисатнции от дома №58789 до обьекта №516121605 успешно загружены
NOTICE:  Запрос №179561I выполнен успешно
NOTICE:  Данные по дисатнции от дома №58789 до обьекта №919121736 успешно загружены
NOTICE:  Запрос №179562I выполнен успешно
NOTICE:  Данные по дисатнции от дома №58789 до обьекта №1385578 успешно загружены
NOTICE:  Запрос №179563I выполнен успешно
NOTICE:  Данные по дисатнции от дома №58789 до обьекта №88524396 успешно загружены
NOTICE:  Запрос №179564I выполнен успешно
NOTICE:  Данные по дисатнции от дома №58789 до обьекта №89404443 успешно загружены
NOTICE:  Запрос №179565I выполнен успешно
NOTICE:  Данные по дисатнции от дома №58789 до обьекта №1309826 успешно загружены
NOTICE:  Запрос №179566I выполнен успешно
NOTICE:  Данные по дисатнции от дома №58789 до обьекта №1314169 успешно загружены
NOTICE:  Запрос №179567I выполнен успешно
NOTICE:  Данные по дисатнции от дома №58789 до обьекта №1314172 успешно загружены
NOTICE:  Запрос №179568I выполнен успешно
NOTICE:  Данные по дисатнции от дома №58789 до обьекта №1320960 успешно загружены
NOTICE:  Запрос №179569I выполнен успешно
NOTICE:  Данные по дисатнции от дома №58789 до обьекта №1727796 успешно загружены
NOTICE:  Запрос №179570I выполнен успешно
NOTICE:  Данные по дисатнции от дома №58789 до обьекта №150733030 успешно загружены
NOTICE:  Запрос №179571I выполнен успешно
NOTICE:  Перехватли ошибку division_by_zero
NOTICE:  Данные по дисатнции от дома №58789 до обьекта №135507566 успешно загружены
NOTICE:  Запрос №179572I выполнен успешно
CALL
Sat 18 Feb 2023 07:56:12 PM MSK
