PARSER_DIST 2023-01-21 03:42:37,770 WARNING Не удалось получить координаты с яндекс улица Калининград г Калининград, ул Елизаветинская ЖК «Янтарный» Message: no such element: Unable to locate element: {"method":"css selector","selector":".toponym-card-title-view__coords-badge"}
  (Session info: headless chrome=109.0.5414.74)
Stacktrace:
#0 0x560febad4303 <unknown>
#1 0x560feb8a8d37 <unknown>
#2 0x560feb8e55b2 <unknown>
#3 0x560feb8e56c1 <unknown>
#4 0x560feb91fb34 <unknown>
#5 0x560feb9059ad <unknown>
#6 0x560feb91d88c <unknown>
#7 0x560feb905753 <unknown>
#8 0x560feb8d8a14 <unknown>
#9 0x560feb8d9b7e <unknown>
#10 0x560febb2332e <unknown>
#11 0x560febb26c0e <unknown>
#12 0x560febb09610 <unknown>
#13 0x560febb27c23 <unknown>
#14 0x560febafb545 <unknown>
#15 0x560febb486a8 <unknown>
#16 0x560febb48836 <unknown>
#17 0x560febb63d13 <unknown>
#18 0x7f97b5d37b43 <unknown>

PARSER_DIST 2023-01-21 03:42:37,823 INFO inf
Traceback (most recent call last):
  File "/home/lark/PROJECT/RealEstate/pars_skript/position/get_position.py", line 139, in add_coord
    lat, lon = get_position_ya(street)
TypeError: cannot unpack non-iterable NoneType object
PARSER_DIST 2023-01-21 03:42:48,962 WARNING Не удалось получить координаты с яндекс улица Калининград Виктора Денисова/Флотская/Аксакова/Кипарисовая/Рихарда Зорге/Нальчикская/Таврическая/пр-д Крымский ЖК «Восто к» Message: no such element: Unable to locate element: {"method":"css selector","selector":".toponym-card-title-view__coords-badge"}
  (Session info: headless chrome=109.0.5414.74)
Stacktrace:
#0 0x562ffe89e303 <unknown>
#1 0x562ffe672d37 <unknown>
#2 0x562ffe6af5b2 <unknown>
#3 0x562ffe6af6c1 <unknown>
#4 0x562ffe6e9b34 <unknown>
#5 0x562ffe6cf9ad <unknown>
#6 0x562ffe6e788c <unknown>
#7 0x562ffe6cf753 <unknown>
#8 0x562ffe6a2a14 <unknown>
#9 0x562ffe6a3b7e <unknown>
#10 0x562ffe8ed32e <unknown>
#11 0x562ffe8f0c0e <unknown>
#12 0x562ffe8d3610 <unknown>
#13 0x562ffe8f1c23 <unknown>
#14 0x562ffe8c5545 <unknown>
#15 0x562ffe9126a8 <unknown>
#16 0x562ffe912836 <unknown>
#17 0x562ffe92dd13 <unknown>
#18 0x7f872102ab43 <unknown>

PARSER_DIST 2023-01-21 03:42:49,014 INFO inf
Traceback (most recent call last):
  File "/home/lark/PROJECT/RealEstate/pars_skript/position/get_position.py", line 135, in add_coord
    lat, lon = get_position_ya(street)
TypeError: cannot unpack non-iterable NoneType object
PARSER_DIST 2023-01-21 03:42:54,485 WARNING Не удалось получить координаты с яндекс улица Калининград Флагманская/Ульяны Громовой ЖК «Флагманс кий» Message: no such element: Unable to locate element: {"method":"css selector","selector":".toponym-card-title-view__coords-badge"}
  (Session info: headless chrome=109.0.5414.74)
Stacktrace:
#0 0x55571f959303 <unknown>
#1 0x55571f72dd37 <unknown>
#2 0x55571f76a5b2 <unknown>
#3 0x55571f76a6c1 <unknown>
#4 0x55571f7a4b34 <unknown>
#5 0x55571f78a9ad <unknown>
#6 0x55571f7a288c <unknown>
#7 0x55571f78a753 <unknown>
#8 0x55571f75da14 <unknown>
#9 0x55571f75eb7e <unknown>
#10 0x55571f9a832e <unknown>
#11 0x55571f9abc0e <unknown>
#12 0x55571f98e610 <unknown>
#13 0x55571f9acc23 <unknown>
#14 0x55571f980545 <unknown>
#15 0x55571f9cd6a8 <unknown>
#16 0x55571f9cd836 <unknown>
#17 0x55571f9e8d13 <unknown>
#18 0x7f642e272b43 <unknown>

PARSER_DIST 2023-01-21 03:42:54,538 INFO inf
Traceback (most recent call last):
  File "/home/lark/PROJECT/RealEstate/pars_skript/position/get_position.py", line 135, in add_coord
    lat, lon = get_position_ya(street)
TypeError: cannot unpack non-iterable NoneType object
PARSER_DIST 2023-01-21 03:42:59,743 INFO Данные по координатам по адресу Калининград г Калининград, Ленинский пр-кт 161 получены успешно 
PARSER_DIST 2023-01-21 03:43:05,013 INFO Данные по координатам по адресу Калининград г Калининград, Советский пр-кт 116 получены успешно 
PARSER_DIST 2023-01-21 03:43:10,271 INFO Данные по координатам по адресу Калининград г Калининград, ул Аллея смелых 80В получены успешно 
PARSER_DIST 2023-01-21 03:43:15,552 INFO Данные по координатам по адресу Калининград г Калининград, ул Беговая 48 получены успешно 
PARSER_DIST 2023-01-21 03:43:21,120 INFO Данные по координатам по адресу г Калининград, ул Вернадского 7 получены успешно 
PARSER_DIST 2023-01-21 03:43:26,478 INFO Данные по координатам по адресу Калининград г Калининград, ул Генерала Галицкого 4Б получены успешно 
PARSER_DIST 2023-01-21 03:43:31,705 INFO Данные по координатам по адресу Калининград г Калининград, ул Согласия 6А получены успешно 
PARSER_DIST 2023-01-21 03:43:36,763 INFO Данные по координатам по адресу Калининград г Калининград, ул Ю.Гагарина 94 получены успешно 
PARSER_DIST 2023-01-21 03:43:42,254 INFO Данные по координатам по адресу Калининград Александра Суворова 29 получены успешно 
PARSER_DIST 2023-01-21 03:43:47,434 INFO Данные по координатам по адресу Калининград г Калининград, ул Тенистая аллея 17 получены успешно 
PARSER_DIST 2023-01-21 03:43:52,516 INFO Данные по координатам по адресу Калининград г Калининград, ул Куйбышева 53 получены успешно 
PARSER_DIST 2023-01-21 03:43:57,365 INFO Данные по координатам по адресу Калининград г Калининград, ул Судостроительная 112 получены успешно 
PARSER_DIST 2023-01-21 03:44:02,667 INFO Данные по координатам по адресу Калининград г Калининград, ул Аксакова 77 получены успешно 
PARSER_DIST 2023-01-21 03:44:07,948 INFO Данные по координатам по адресу Калининград г Калининград, ул Фрунзе 75 получены успешно 
PARSER_DIST 2023-01-21 03:44:13,154 INFO Данные по координатам по адресу Калининград г Калининград, ул Потемкина 4 получены успешно 
PARSER_DIST 2023-01-21 03:44:18,365 INFO Данные по координатам по адресу Калининград г Калининград, Московский пр-кт 137 получены успешно 
PARSER_DIST 2023-01-21 03:44:23,701 INFO Данные по координатам по адресу Калининград г Калининград, ул З.Космодемьянской 10 получены успешно 
PARSER_DIST 2023-01-21 03:44:29,258 INFO Данные по координатам по адресу Калининград г Калининград, ул У.Громовой 97 получены успешно 
PARSER_DIST 2023-01-21 03:44:34,550 INFO Данные по координатам по адресу Калининград г Калининград, ул С.Разина 37 получены успешно 
PARSER_DIST 2023-01-21 03:44:39,698 INFO Данные по координатам по адресу Калининград г Калининград, ул 1812 года 120 получены успешно 
PARSER_DIST 2023-01-21 03:44:44,860 INFO Данные по координатам по адресу Калининград г Калининград, ул Лейтенанта Яналова 34 получены успешно 
PARSER_DIST 2023-01-21 03:44:49,661 INFO Данные по координатам по адресу Калининград г Калининград, ул Можайская 27 получены успешно 
PARSER_DIST 2023-01-21 03:44:54,820 INFO Данные по координатам по адресу Калининград г Калининград, ул Чернышевского 26  кБ получены успешно 
PARSER_DIST 2023-01-21 03:44:59,923 INFO Данные по координатам по адресу Калининград г Калининград, ул Потемкина 2 получены успешно 
PARSER_DIST 2023-01-21 03:45:05,137 INFO Данные по координатам по адресу Калининград г Калининград, ул Гайдара 95 получены успешно 
PARSER_DIST 2023-01-21 03:45:10,423 INFO Данные по координатам по адресу Калининград г Калининград, ул Батальная 94 получены успешно 
PARSER_DIST 2023-01-21 03:45:16,230 INFO Данные по координатам по адресу Калининград Георгия Димитрова 16 получены успешно 
PARSER_DIST 2023-01-21 03:45:21,665 INFO Данные по координатам по адресу г Калининград, Краснодонский пер 8 получены успешно 
PARSER_DIST 2023-01-21 03:45:27,134 INFO Данные по координатам по адресу Калининград Виктора Талалихина 14 получены успешно 
PARSER_DIST 2023-01-21 03:45:32,758 INFO Данные по координатам по адресу г Калининград, ул Андреевская 35 получены успешно 
PARSER_DIST 2023-01-21 03:45:38,071 INFO Данные по координатам по адресу Калининград г Калининград, ул Багратиона 88 получены успешно 
PARSER_DIST 2023-01-21 03:45:43,137 INFO Данные по координатам по адресу Калининград г Калининград, ул Зеленая 23 получены успешно 
PARSER_DIST 2023-01-21 03:45:48,345 INFO Данные по координатам по адресу Калининград г Калининград, ул Ю.Гагарина 225 кА5 получены успешно 
PARSER_DIST 2023-01-21 03:45:53,515 INFO Данные по координатам по адресу Калининград г Калининград, ул Октябрьская 8 получены успешно 
PARSER_DIST 2023-01-21 03:45:58,662 INFO Данные по координатам по адресу Калининград г Калининград, Центральная пл 6 получены успешно 
PARSER_DIST 2023-01-21 03:46:03,928 INFO Данные по координатам по адресу Калининград г Калининград, Кутаисский пер 5 получены успешно 
PARSER_DIST 2023-01-21 03:46:05,199 INFO Обновления id элемента яндекс
PARSER_DIST 2023-01-21 03:46:08,647 INFO Данные по координатам по адресу Калининград г Калининград, ул Горького 176Г к2 получены успешно 
PARSER_DIST 2023-01-21 03:46:14,083 INFO Данные по координатам по адресу г Калининград, ул Мебельная 16 получены успешно 
PARSER_DIST 2023-01-21 03:46:19,496 INFO Данные по координатам по адресу г Калининград, Свободный пер 4 получены успешно 
PARSER_DIST 2023-01-21 03:46:25,098 INFO Данные по координатам по адресу Калининград г Калининград, ул Лужская 13 получены успешно 
PARSER_DIST 2023-01-21 03:46:31,021 INFO Данные по координатам по адресу Калининград Николая Карамзина 2 получены успешно 
PARSER_DIST 2023-01-21 03:46:36,157 INFO Данные по координатам по адресу Калининград г Калининград, ул Маршала Борзова 102 получены успешно 
PARSER_DIST 2023-01-21 03:46:42,135 INFO Данные по координатам по адресу г Калининград, Зоологический тупик 11 получены успешно 
PARSER_DIST 2023-01-21 03:46:47,481 INFO Данные по координатам по адресу Калининград г Калининград, Ленинский пр-кт 38 получены успешно 
PARSER_DIST 2023-01-21 03:46:52,729 INFO Данные по координатам по адресу Калининград г Калининград, ул Мирная 4 получены успешно 
PARSER_DIST 2023-01-21 03:46:57,976 INFO Данные по координатам по адресу Калининград г Калининград, пер Дмитрия Донского 42 получены успешно 
PARSER_DIST 2023-01-21 03:47:03,290 INFO Данные по координатам по адресу Калининград г Калининград, ул Черепичная 11 получены успешно 
PARSER_DIST 2023-01-21 03:47:08,726 INFO Данные по координатам по адресу г Калининград, Тихорецкий пр-д 8 получены успешно 
PARSER_DIST 2023-01-21 03:47:13,907 INFO Данные по координатам по адресу Калининград г Калининград, ул Тенистая аллея 50Г получены успешно 
PARSER_DIST 2023-01-21 03:47:19,122 INFO Данные по координатам по адресу Калининград г Калининград, ул Пролетарская 51 получены успешно 
PARSER_DIST 2023-01-21 03:47:24,247 INFO Данные по координатам по адресу Калининград г Калининград, ул Багратиона 130А получены успешно 
PARSER_DIST 2023-01-21 03:47:29,749 INFO Данные по координатам по адресу Калининград поселок Дружный Свободы 2 получены успешно 
PARSER_DIST 2023-01-21 03:47:34,919 INFO Данные по координатам по адресу Калининград г Калининград, ул Фрунзе 42 получены успешно 
PARSER_DIST 2023-01-21 03:47:40,343 INFO Данные по координатам по адресу г Калининград, Калужский пер 5 получены успешно 
PARSER_DIST 2023-01-21 03:47:45,491 INFO Данные по координатам по адресу Калининград г Калининград, ул Согласия 6 получены успешно 
PARSER_DIST 2023-01-21 03:47:50,651 INFO Данные по координатам по адресу Калининград г Калининград, ул Гайдара 175 получены успешно 
PARSER_DIST 2023-01-21 03:47:56,463 INFO Данные по координатам по адресу г Калининград, ул Онежская 10 получены успешно 
PARSER_DIST 2023-01-21 03:48:01,090 INFO Данные по координатам по адресу Калининград г Калининград, ул Аксакова 131А получены успешно 
PARSER_DIST 2023-01-21 03:48:06,348 INFO Данные по координатам по адресу Калининград г Калининград, ул Космонавта Леонова 20 получены успешно 
PARSER_DIST 2023-01-21 03:48:11,618 INFO Данные по координатам по адресу Калининград г Калининград, ул Краснокаменная 29А получены успешно 
PARSER_DIST 2023-01-21 03:48:16,991 INFO Данные по координатам по адресу Калининград Фёдора Воейкова 9 получены успешно 
PARSER_DIST 2023-01-21 03:48:23,696 INFO Данные по координатам по адресу г Калининград, ул Краснохолмская 56 получены успешно 
PARSER_DIST 2023-01-21 03:48:28,888 INFO Данные по координатам по адресу Калининград г Калининград, ул Интернациональная 46 получены успешно 
PARSER_DIST 2023-01-21 03:48:34,223 INFO Данные по координатам по адресу Калининград г Калининград, ул Автомобильная 23 получены успешно 
PARSER_DIST 2023-01-21 03:48:39,969 INFO Данные по координатам по адресу Калининград г Калининград, ул Ю.Гагарина 16Д получены успешно 
PARSER_DIST 2023-01-21 03:48:45,084 INFO Данные по координатам по адресу Калининград г Калининград, ул Тихорецкая 22В получены успешно 
PARSER_DIST 2023-01-21 03:48:50,419 INFO Данные по координатам по адресу Калининград г Калининград, ул 9 Апреля 56 получены успешно 
PARSER_DIST 2023-01-21 03:48:55,700 INFO Данные по координатам по адресу Калининград г Калининград, ул Маршала Борзова 80 получены успешно 
PARSER_DIST 2023-01-21 03:49:00,914 INFO Данные по координатам по адресу Калининград г Калининград, ул Лазурная 1 получены успешно 
PARSER_DIST 2023-01-21 03:49:06,106 INFO Данные по координатам по адресу Калининград г Калининград, ул Малоярославская 5 получены успешно 
PARSER_DIST 2023-01-21 03:49:11,365 INFO Данные по координатам по адресу Калининград г Калининград, ул Маршала Жукова 11 получены успешно 
PARSER_DIST 2023-01-21 03:49:16,623 INFO Данные по координатам по адресу Калининград г Калининград, ул Левитана 60 к2 получены успешно 
PARSER_DIST 2023-01-21 03:49:21,945 INFO Данные по координатам по адресу Калининград г Калининград, Московский пр-кт 19 получены успешно 
PARSER_DIST 2023-01-21 03:49:27,527 INFO Данные по координатам по адресу г Калининград, ул Барклая де Толли 28А получены успешно 
PARSER_DIST 2023-01-21 03:49:32,774 INFO Данные по координатам по адресу Калининград г Калининград, ул Куйбышева 65А получены успешно 
PARSER_DIST 2023-01-21 03:49:38,066 INFO Данные по координатам по адресу Калининград 236020, г Калининград, ул Заводская 26 получены успешно 
PARSER_DIST 2023-01-21 03:49:43,245 INFO Данные по координатам по адресу Калининград г Калининград, ул Орудийная 30В получены успешно 
PARSER_DIST 2023-01-21 03:49:48,495 INFO Данные по координатам по адресу Калининград г Калининград, ул Уютная 6 получены успешно 
PARSER_DIST 2023-01-21 03:49:53,643 INFO Данные по координатам по адресу Калининград г Калининград, ул Ю.Гагарина 135 получены успешно 
PARSER_DIST 2023-01-21 03:49:58,724 INFO Данные по координатам по адресу Калининград г Калининград, ул Уральская 20 получены успешно 
PARSER_DIST 2023-01-21 03:50:04,015 INFO Данные по координатам по адресу Калининград г Калининград, ул Грекова 12 получены успешно 
PARSER_DIST 2023-01-21 03:50:09,694 INFO Данные по координатам по адресу Калининград г Калининград, ул Генерала Раевского 4 получены успешно 
PARSER_DIST 2023-01-21 03:50:14,831 INFO Данные по координатам по адресу Калининград г Калининград, ул Куйбышева 189 получены успешно 
PARSER_DIST 2023-01-21 03:50:20,112 INFO Данные по координатам по адресу Калининград г Калининград, ул Литовский Вал 87А получены успешно 
PARSER_DIST 2023-01-21 03:50:25,303 INFO Данные по координатам по адресу Калининград г Калининград, ул Добролюбова 37 получены успешно 
PARSER_DIST 2023-01-21 03:50:30,540 INFO Данные по координатам по адресу Калининград г Калининград, ул Дзержинского 44 получены успешно 
PARSER_DIST 2023-01-21 03:50:35,865 INFO Данные по координатам по адресу Калининград г Калининград, ул Красная 21 получены успешно 
PARSER_DIST 2023-01-21 03:50:41,079 INFO Данные по координатам по адресу Калининград г Калининград, ул Согласия 31 получены успешно 
PARSER_DIST 2023-01-21 03:50:46,271 INFO Данные по координатам по адресу Калининград г Калининград, ул Беланова 71 получены успешно 
PARSER_DIST 2023-01-21 03:50:51,596 INFO Данные по координатам по адресу Калининград г Калининград, ул Горького 157 получены успешно 
PARSER_DIST 2023-01-21 03:50:56,799 INFO Данные по координатам по адресу Калининград г Калининград, ул У.Громовой 99 получены успешно 
PARSER_DIST 2023-01-21 03:51:01,991 INFO Данные по координатам по адресу Калининград г Калининград, ул Чекистов 32 получены успешно 
PARSER_DIST 2023-01-21 03:51:07,194 INFO Данные по координатам по адресу Калининград г Калининград, ул Левитана 60 к3 получены успешно 
PARSER_DIST 2023-01-21 03:51:12,342 INFO Данные по координатам по адресу Калининград г Калининград, ул Чернышевского 25 получены успешно 
PARSER_DIST 2023-01-21 03:51:17,501 INFO Данные по координатам по адресу Калининград г Калининград, ул Ю.Гагарина 127 получены успешно 
PARSER_DIST 2023-01-21 03:51:22,615 INFO Данные по координатам по адресу Калининград г Калининград, ул Интернациональная 9 получены успешно 
PARSER_DIST 2023-01-21 03:51:27,907 INFO Данные по координатам по адресу Калининград г Калининград, пр-кт Победы 127 получены успешно 
PARSER_DIST 2023-01-21 03:51:33,088 INFO Данные по координатам по адресу Калининград г Калининград, ул Коломенская 1 получены успешно 
PARSER_DIST 2023-01-21 03:51:38,238 INFO Данные по координатам по адресу Калининград г Калининград, ул Красноармейская 3 получены успешно 
PARSER_DIST 2023-01-21 03:51:43,496 INFO Данные по координатам по адресу Калининград г Калининград, ул Артиллерийская 39 получены успешно 
PARSER_DIST 2023-01-21 03:51:48,630 INFO Данные по координатам по адресу Калининград г Калининград, Иртышский пер 14 получены успешно 
PARSER_DIST 2023-01-21 03:51:53,789 INFO Данные по координатам по адресу Калининград г Калининград, ул Орудийная 6.1 получены успешно 
PARSER_DIST 2023-01-21 03:51:59,158 INFO Данные по координатам по адресу Калининград г Калининград, ул Подполковника Емельянова 242В  к2 получены успешно 
PARSER_DIST 2023-01-21 03:52:04,475 INFO Данные по координатам по адресу Калининград г Калининград, ул Печатная 29 получены успешно 
PARSER_DIST 2023-01-21 03:52:09,741 INFO Данные по координатам по адресу Калининград г Калининград, ул Аллея смелых 72 получены успешно 
PARSER_DIST 2023-01-21 03:52:14,845 INFO Данные по координатам по адресу Калининград г Калининград, ул Бассейная 7 получены успешно 
PARSER_DIST 2023-01-21 03:52:20,469 INFO Данные по координатам по адресу Калининград Марины Расковой 1 получены успешно 
PARSER_DIST 2023-01-21 03:52:25,698 INFO Данные по координатам по адресу Калининград г Калининград, ул Коммунистическая 30 получены успешно 
PARSER_DIST 2023-01-21 03:52:30,941 INFO Данные по координатам по адресу Калининград г Калининград, ул Космонавта Леонова 27А получены успешно 
PARSER_DIST 2023-01-21 03:52:36,365 INFO Данные по координатам по адресу Московская обл, г Королёв, Калининградский проезд 11 получены успешно 
PARSER_DIST 2023-01-21 03:52:41,414 INFO Данные по координатам по адресу Калининград г Калининград, ул Полоцкая 10 получены успешно 
PARSER_DIST 2023-01-21 03:52:46,651 INFO Данные по координатам по адресу Калининград г Калининград, ул У.Громовой 40 получены успешно 
PARSER_DIST 2023-01-21 03:52:52,077 INFO Данные по координатам по адресу Калининград г Калининград, ул Артиллерийская 56 получены успешно 
PARSER_DIST 2023-01-21 03:52:57,024 INFO Данные по координатам по адресу Калининград г Калининград, ул Беланова 13 получены успешно 
PARSER_DIST 2023-01-21 03:53:02,293 INFO Данные по координатам по адресу Калининград г Калининград, ул Глазунова 9 получены успешно 
PARSER_DIST 2023-01-21 03:53:07,693 INFO Данные по координатам по адресу г Калининград, ул Старорусская 29 получены успешно 
PARSER_DIST 2023-01-21 03:53:12,965 INFO Данные по координатам по адресу Калининград г Калининград, Московский пр-кт 74 получены успешно 
PARSER_DIST 2023-01-21 03:53:18,305 INFO Данные по координатам по адресу Калининград г Калининград, ул Коммунальная 5 получены успешно 
PARSER_DIST 2023-01-21 03:53:23,796 INFO Данные по координатам по адресу Калининград Лилии Иванихиной 16 получены успешно 
PARSER_DIST 2023-01-21 03:53:29,015 INFO Данные по координатам по адресу Калининград г Калининград, ул Артиллерийская 65 получены успешно 
PARSER_DIST 2023-01-21 03:53:34,684 INFO Данные по координатам по адресу Калининград Героя России Виталия Мариенко 1 получены успешно 
PARSER_DIST 2023-01-21 03:53:40,446 INFO Данные по координатам по адресу г Калининград, Пионерский пер 7 получены успешно 
PARSER_DIST 2023-01-21 03:53:41,735 INFO Обновления id элемента яндекс
PARSER_DIST 2023-01-21 03:53:45,085 INFO Данные по координатам по адресу Калининград г Калининград, ул Ижорская 32 получены успешно 
PARSER_DIST 2023-01-21 03:53:46,356 INFO Обновления id элемента яндекс
PARSER_DIST 2023-01-21 03:53:49,822 INFO Данные по координатам по адресу Калининград г Калининград, ул Интернациональная 51 получены успешно 
PARSER_DIST 2023-01-21 03:53:55,136 INFO Данные по координатам по адресу Калининград г Калининград, ул 1812 года 77 получены успешно 
PARSER_DIST 2023-01-21 03:54:00,218 INFO Данные по координатам по адресу Калининград г Калининград, ул Куйбышева 135 получены успешно 
PARSER_DIST 2023-01-21 03:54:05,487 INFO Данные по координатам по адресу Калининград г Калининград, ул Эпроновская 1 получены успешно 
PARSER_DIST 2023-01-21 03:54:10,954 WARNING Не удалось получить координаты с яндекс улица Калининград поселок Люблино Железнодорожная  20 Message: no such element: Unable to locate element: {"method":"css selector","selector":".toponym-card-title-view__coords-badge"}
  (Session info: headless chrome=109.0.5414.74)
Stacktrace:
#0 0x55e7c0353303 <unknown>
#1 0x55e7c0127d37 <unknown>
#2 0x55e7c01645b2 <unknown>
#3 0x55e7c01646c1 <unknown>
#4 0x55e7c019eb34 <unknown>
#5 0x55e7c01849ad <unknown>
#6 0x55e7c019c88c <unknown>
#7 0x55e7c0184753 <unknown>
#8 0x55e7c0157a14 <unknown>
#9 0x55e7c0158b7e <unknown>
#10 0x55e7c03a232e <unknown>
#11 0x55e7c03a5c0e <unknown>
#12 0x55e7c0388610 <unknown>
#13 0x55e7c03a6c23 <unknown>
#14 0x55e7c037a545 <unknown>
#15 0x55e7c03c76a8 <unknown>
#16 0x55e7c03c7836 <unknown>
#17 0x55e7c03e2d13 <unknown>
#18 0x7f8c5524db43 <unknown>

PARSER_DIST 2023-01-21 03:54:11,006 INFO inf
Traceback (most recent call last):
  File "/home/lark/PROJECT/RealEstate/pars_skript/position/get_position.py", line 135, in add_coord
    lat, lon = get_position_ya(street)
TypeError: cannot unpack non-iterable NoneType object
PARSER_DIST 2023-01-21 03:54:16,148 INFO Данные по координатам по адресу Калининград г Калининград, ул Чекистов 28А получены успешно 
PARSER_DIST 2023-01-21 03:54:21,307 INFO Данные по координатам по адресу Калининград г Калининград, ул Аксакова 123 получены успешно 
PARSER_DIST 2023-01-21 03:54:26,554 INFO Данные по координатам по адресу Калининград г Калининград, наб Адмирала Трибуца 41 получены успешно 
PARSER_DIST 2023-01-21 03:54:32,233 INFO Данные по координатам по адресу г Калининград, ул Некрасова 24 получены успешно 
PARSER_DIST 2023-01-21 03:54:37,470 INFO Данные по координатам по адресу Калининград г Калининград, ул Генерала Соммера 50 получены успешно 
PARSER_DIST 2023-01-21 03:54:43,337 INFO Данные по координатам по адресу г Калининград, Черепичный пер 13 получены успешно 
PARSER_DIST 2023-01-21 03:54:48,659 INFO Данные по координатам по адресу Калининград г Калининград, ул Зоологическая 51 получены успешно 
PARSER_DIST 2023-01-21 03:54:53,854 INFO Данные по координатам по адресу Калининград г Калининград, ул Ю.Гагарина 55В получены успешно 
PARSER_DIST 2023-01-21 03:54:59,109 INFO Данные по координатам по адресу Калининград г Калининград, Ленинский пр-кт 71А получены успешно 
PARSER_DIST 2023-01-21 03:55:04,282 INFO Данные по координатам по адресу Калининград г Калининград, ул Киевская 123 получены успешно 
PARSER_DIST 2023-01-21 03:55:09,418 INFO Данные по координатам по адресу Калининград г Калининград, ул Красная 95 получены успешно 
PARSER_DIST 2023-01-21 03:55:15,053 INFO Данные по координатам по адресу г Калининград, ул Боткина 2А получены успешно 
PARSER_DIST 2023-01-21 03:55:20,378 INFO Данные по координатам по адресу Калининград г Калининград, пр-кт Мира 131 получены успешно 
PARSER_DIST 2023-01-21 03:55:21,689 INFO Обновления id элемента яндекс
PARSER_DIST 2023-01-21 03:55:25,072 INFO Данные по координатам по адресу Калининград г Калининград, ул А.Невского 257 получены успешно 
PARSER_DIST 2023-01-21 03:55:30,220 INFO Данные по координатам по адресу Калининград г Калининград, ул Карташева 6 получены успешно 
PARSER_DIST 2023-01-21 03:55:31,549 INFO Обновления id элемента яндекс
PARSER_DIST 2023-01-21 03:55:34,858 INFO Данные по координатам по адресу Калининград г Калининград, ул Зеленая 30 получены успешно 
PARSER_DIST 2023-01-21 03:55:40,482 INFO Данные по координатам по адресу г Калининград, Пионерский пер 1А получены успешно 
PARSER_DIST 2023-01-21 03:55:46,061 INFO Данные по координатам по адресу г Калининград, Малый пер 3 получены успешно 
PARSER_DIST 2023-01-21 03:55:51,519 INFO Данные по координатам по адресу г Калининград, ул Калужская 31 получены успешно 
PARSER_DIST 2023-01-21 03:55:52,856 INFO Обновления id элемента яндекс
PARSER_DIST 2023-01-21 03:55:56,224 INFO Данные по координатам по адресу Калининград г Калининград, ул У.Громовой 123 получены успешно 
PARSER_DIST 2023-01-21 03:56:01,106 INFO Данные по координатам по адресу Калининград г Калининград, ул Радистов 10 получены успешно 
PARSER_DIST 2023-01-21 03:56:06,320 INFO Данные по координатам по адресу Калининград г Калининград, ул Минусинская 14 получены успешно 
PARSER_DIST 2023-01-21 03:56:07,605 INFO Обновления id элемента яндекс
PARSER_DIST 2023-01-21 03:56:10,925 INFO Данные по координатам по адресу Калининград г Калининград, ул Багратиона 43 получены успешно 
PARSER_DIST 2023-01-21 03:56:16,106 INFO Данные по координатам по адресу Калининград г Калининград, ул Орудийная 90 получены успешно 
PARSER_DIST 2023-01-21 03:56:21,530 INFO Данные по координатам по адресу Калининград г Калининград, ул Еловая аллея 67 получены успешно 
PARSER_DIST 2023-01-21 03:56:26,966 INFO Данные по координатам по адресу Калининград г Калининград, Советский пр-кт 236 получены успешно 
PARSER_DIST 2023-01-21 03:56:32,239 INFO Данные по координатам по адресу Калининград г Калининград, ул Дзержинского 57 получены успешно 
PARSER_DIST 2023-01-21 03:56:37,484 INFO Данные по координатам по адресу Калининград г Калининград, ул Полковника Сафронова 3 получены успешно 
PARSER_DIST 2023-01-21 03:56:42,787 INFO Данные по координатам по адресу Калининград г Калининград, ул Луганская 47 получены успешно 
PARSER_DIST 2023-01-21 03:56:48,222 INFO Данные по координатам по адресу г Калининград, ул Портовая 20 получены успешно 
PARSER_DIST 2023-01-21 03:56:53,447 INFO Данные по координатам по адресу Калининград г Калининград, ул Чкалова 26А получены успешно 
PARSER_DIST 2023-01-21 03:56:58,695 INFO Данные по координатам по адресу Калининград г Калининград, ул Тобольская 15 получены успешно 
PARSER_DIST 2023-01-21 03:57:03,890 INFO Данные по координатам по адресу Калининград г Калининград, Северный пер 10 получены успешно 
PARSER_DIST 2023-01-21 03:57:09,056 INFO Данные по координатам по адресу Калининград г Калининград, ул Ольштынская 7 получены успешно 
PARSER_DIST 2023-01-21 03:57:14,647 INFO Данные по координатам по адресу г Калининград, ул Краснодонская 4 получены успешно 
PARSER_DIST 2023-01-21 03:57:19,717 INFO Данные по координатам по адресу Калининград г Калининград, ул С.Разина 35 получены успешно 
PARSER_DIST 2023-01-21 03:57:24,864 INFO Данные по координатам по адресу Калининград г Калининград, ул Мирная 1 к2 получены успешно 
PARSER_DIST 2023-01-21 03:57:29,946 INFO Данные по координатам по адресу Калининград г Калининград, ул Суздальская 11В получены успешно 
PARSER_DIST 2023-01-21 03:57:35,182 INFO Данные по координатам по адресу Калининград г Калининград, ул Красноармейская 29 получены успешно 
PARSER_DIST 2023-01-21 03:57:40,518 INFO Данные по координатам по адресу Калининград г Калининград, пр-кт Победы 87 получены успешно 
PARSER_DIST 2023-01-21 03:57:46,474 INFO Данные по координатам по адресу г Калининград, ул Сержанта Мишина 24 получены успешно 
PARSER_DIST 2023-01-21 03:57:51,710 INFO Данные по координатам по адресу Калининград г Калининград, ул Ростовская 7 получены успешно 
PARSER_DIST 2023-01-21 03:57:56,881 INFO Данные по координатам по адресу Калининград г Калининград, ул Алданская 36 получены успешно 
PARSER_DIST 2023-01-21 03:58:02,050 INFO Данные по координатам по адресу Калининград г Калининград, ул Коммунальная 29 получены успешно 
PARSER_DIST 2023-01-21 03:58:07,187 INFO Данные по координатам по адресу Калининград г Калининград, ул Минусинская 20 получены успешно 
PARSER_DIST 2023-01-21 03:58:12,246 INFO Данные по координатам по адресу Калининград г Калининград, ул Ялтинская 77 получены успешно 
PARSER_DIST 2023-01-21 03:58:17,793 INFO Данные по координатам по адресу г Калининград, ул Таганрогская 12 получены успешно 
PARSER_DIST 2023-01-21 03:58:19,071 INFO Обновления id элемента яндекс
PARSER_DIST 2023-01-21 03:58:22,409 INFO Данные по координатам по адресу Калининград г Калининград, ул Генерала Челнокова 36 получены успешно 
PARSER_DIST 2023-01-21 03:58:27,601 INFO Данные по координатам по адресу Калининград г Калининград, ул Звездная 13 получены успешно 
PARSER_DIST 2023-01-21 03:58:29,081 INFO Обновления id элемента яндекс
PARSER_DIST 2023-01-21 03:58:32,505 INFO Данные по координатам по адресу Калининград г Калининград, ул Маршала Жукова 4 получены успешно 
PARSER_DIST 2023-01-21 03:58:37,719 INFO Данные по координатам по адресу Калининград г Калининград, ул Артиллерийская 48 получены успешно 
PARSER_DIST 2023-01-21 03:58:42,933 INFO Данные по координатам по адресу Калининград г Калининград, ул Ломоносова 6А получены успешно 
PARSER_DIST 2023-01-21 03:58:48,092 INFO Данные по координатам по адресу Калининград г Калининград, ул Лукашова 9Б получены успешно 
PARSER_DIST 2023-01-21 03:58:53,306 INFO Данные по координатам по адресу Калининград г Калининград, ул Лукашова 26 получены успешно 
PARSER_DIST 2023-01-21 03:58:58,509 INFO Данные по координатам по адресу Калининград г Калининград, ул Ю.Гагарина 44 получены успешно 
PARSER_DIST 2023-01-21 03:59:04,011 INFO Данные по координатам по адресу г Калининград, ул Калязинская 16 получены успешно 
PARSER_DIST 2023-01-21 03:59:09,845 INFO Данные по координатам по адресу г Калининград, ул Пионерская 38 получены успешно 
PARSER_DIST 2023-01-21 03:59:14,993 INFO Данные по координатам по адресу Калининград г Калининград, ул Дзержинского 168Д получены успешно 
PARSER_DIST 2023-01-21 03:59:20,473 INFO Данные по координатам по адресу г Калининград, ул Дачная 8 получены успешно 
PARSER_DIST 2023-01-21 03:59:25,655 INFO Данные по координатам по адресу Калининград г Калининград, ул Интернациональная 5 получены успешно 
PARSER_DIST 2023-01-21 03:59:31,001 INFO Данные по координатам по адресу Калининград г Калининград, ул Банковская 25 получены успешно 
PARSER_DIST 2023-01-21 03:59:36,171 INFO Данные по координатам по адресу Калининград г Калининград, ул Белинского 44 получены успешно 
PARSER_DIST 2023-01-21 03:59:41,462 INFO Данные по координатам по адресу Калининград г Калининград, Ленинский пр-кт 105 получены успешно 
PARSER_DIST 2023-01-21 03:59:46,568 INFO Данные по координатам по адресу Калининград г Калининград, ул Чекистов 92 получены успешно 
PARSER_DIST 2023-01-21 03:59:47,913 INFO Обновления id элемента яндекс
PARSER_DIST 2023-01-21 03:59:51,249 INFO Данные по координатам по адресу Калининград г Калининград, ул О.Кошевого 76 получены успешно 
PARSER_DIST 2023-01-21 03:59:56,529 INFO Данные по координатам по адресу Калининград г Калининград, пр-кт Мира 25 получены успешно 
PARSER_DIST 2023-01-21 04:00:01,721 INFO Данные по координатам по адресу Калининград г Калининград, ул Автомобильная 12 получены успешно 
PARSER_DIST 2023-01-21 04:00:06,946 INFO Данные по координатам по адресу Калининград г Калининград, Московский пр-кт 102 получены успешно 
PARSER_DIST 2023-01-21 04:00:12,130 INFO Данные по координатам по адресу Калининград г Калининград, ул Изумрудная 9 получены успешно 
PARSER_DIST 2023-01-21 04:00:13,361 INFO Обновления id элемента яндекс
PARSER_DIST 2023-01-21 04:00:16,755 INFO Данные по координатам по адресу Калининград г Калининград, ул Карташева 46А получены успешно 
