PARSER 2023-01-09 20:57:23,037 WARNING Не удалось получить координаты с яндекс улица Калининград г Калининград, ул Елизаветинская ЖК «Янтарный» Message: no such element: Unable to locate element: {"method":"css selector","selector":".toponym-card-title-view__coords-badge"}
  (Session info: headless chrome=108.0.5359.124)
Stacktrace:
#0 0x563f84eac2a3 <unknown>
#1 0x563f84c6af77 <unknown>
#2 0x563f84ca780c <unknown>
#3 0x563f84ca7a71 <unknown>
#4 0x563f84ce1734 <unknown>
#5 0x563f84cc7b5d <unknown>
#6 0x563f84cdf47c <unknown>
#7 0x563f84cc7903 <unknown>
#8 0x563f84c9aece <unknown>
#9 0x563f84c9bfde <unknown>
#10 0x563f84efc63e <unknown>
#11 0x563f84effb79 <unknown>
#12 0x563f84ee289e <unknown>
#13 0x563f84f00a83 <unknown>
#14 0x563f84ed5505 <unknown>
#15 0x563f84f21ca8 <unknown>
#16 0x563f84f21e36 <unknown>
#17 0x563f84f3d333 <unknown>
#18 0x7f6125017b43 <unknown>

PARSER 2023-01-09 20:57:23,090 INFO inf
Traceback (most recent call last):
  File "/home/ivan/PROJECT/RealEstate/pars_skript/position/get_position.py", line 127, in add_coord
    lat, lon = get_position_ya(street)
TypeError: cannot unpack non-iterable NoneType object
PARSER 2023-01-09 20:57:24,600 INFO Обновления id элемента яндекс
PARSER 2023-01-09 20:57:27,857 WARNING Не удалось получить координаты с яндекс улица Калининград г Калининград, ул Орудийная ЖК «Трио» Message: no such element: Unable to locate element: {"method":"css selector","selector":".toponym-card-title-view__coords-badge"}
  (Session info: headless chrome=108.0.5359.124)
Stacktrace:
#0 0x556f089462a3 <unknown>
#1 0x556f08704f77 <unknown>
#2 0x556f0874180c <unknown>
#3 0x556f08741a71 <unknown>
#4 0x556f0877b734 <unknown>
#5 0x556f08761b5d <unknown>
#6 0x556f0877947c <unknown>
#7 0x556f08761903 <unknown>
#8 0x556f08734ece <unknown>
#9 0x556f08735fde <unknown>
#10 0x556f0899663e <unknown>
#11 0x556f08999b79 <unknown>
#12 0x556f0897c89e <unknown>
#13 0x556f0899aa83 <unknown>
#14 0x556f0896f505 <unknown>
#15 0x556f089bbca8 <unknown>
#16 0x556f089bbe36 <unknown>
#17 0x556f089d7333 <unknown>
#18 0x7f239b057b43 <unknown>

PARSER 2023-01-09 20:57:27,909 INFO inf
Traceback (most recent call last):
  File "/home/ivan/PROJECT/RealEstate/pars_skript/position/get_position.py", line 127, in add_coord
    lat, lon = get_position_ya(street)
TypeError: cannot unpack non-iterable NoneType object
PARSER 2023-01-09 20:57:29,841 INFO Обновления id элемента яндекс
PARSER 2023-01-09 20:57:33,160 WARNING Не удалось получить координаты с яндекс улица Калининград Горького/3-я Большая Окружная ЖК «Альпенштадт» Message: no such element: Unable to locate element: {"method":"css selector","selector":".toponym-card-title-view__coords-badge"}
  (Session info: headless chrome=108.0.5359.124)
Stacktrace:
#0 0x560158b082a3 <unknown>
#1 0x5601588c6f77 <unknown>
#2 0x56015890380c <unknown>
#3 0x560158903a71 <unknown>
#4 0x56015893d734 <unknown>
#5 0x560158923b5d <unknown>
#6 0x56015893b47c <unknown>
#7 0x560158923903 <unknown>
#8 0x5601588f6ece <unknown>
#9 0x5601588f7fde <unknown>
#10 0x560158b5863e <unknown>
#11 0x560158b5bb79 <unknown>
#12 0x560158b3e89e <unknown>
#13 0x560158b5ca83 <unknown>
#14 0x560158b31505 <unknown>
#15 0x560158b7dca8 <unknown>
#16 0x560158b7de36 <unknown>
#17 0x560158b99333 <unknown>
#18 0x7f6e00e90b43 <unknown>

PARSER 2023-01-09 20:57:33,212 INFO inf
Traceback (most recent call last):
  File "/home/ivan/PROJECT/RealEstate/pars_skript/position/get_position.py", line 123, in add_coord
    lat, lon = get_position_ya(street)
TypeError: cannot unpack non-iterable NoneType object
PARSER 2023-01-09 20:57:34,629 INFO Обновления id элемента яндекс
PARSER 2023-01-09 20:57:37,945 INFO Данные по координатам по адресу Калининград г Калининград, ул Карташева 46А получены успешно 
PARSER 2023-01-09 20:57:39,514 INFO Обновления id элемента яндекс
PARSER 2023-01-09 20:57:42,804 INFO Данные по координатам по адресу Калининград г Калининград, ул Багратиона 120 получены успешно 
PARSER 2023-01-09 20:57:44,507 INFO Обновления id элемента яндекс
PARSER 2023-01-09 20:57:47,797 INFO Данные по координатам по адресу Калининград г Калининград, ул Чаадаева 39 получены успешно 
PARSER 2023-01-09 20:57:49,388 INFO Обновления id элемента яндекс
PARSER 2023-01-09 20:57:52,734 INFO Данные по координатам по адресу Калининград г Калининград, ул Дунайская 5 получены успешно 
PARSER 2023-01-09 20:57:54,333 INFO Обновления id элемента яндекс
PARSER 2023-01-09 20:57:57,649 INFO Данные по координатам по адресу Калининград г Калининград, ул Орудийная 86 получены успешно 
PARSER 2023-01-09 20:57:59,658 INFO Обновления id элемента яндекс
PARSER 2023-01-09 20:58:03,113 WARNING Не удалось получить координаты с яндекс улица Калининград Виктора Денисова/Флотская/Аксакова/Кипарисовая/Рихарда Зорге/Нальчикская/Таврическая/пр-д Крымский ЖК «Восто к» Message: no such element: Unable to locate element: {"method":"css selector","selector":".toponym-card-title-view__coords-badge"}
  (Session info: headless chrome=108.0.5359.124)
Stacktrace:
#0 0x561253b062a3 <unknown>
#1 0x5612538c4f77 <unknown>
#2 0x56125390180c <unknown>
#3 0x561253901a71 <unknown>
#4 0x56125393b734 <unknown>
#5 0x561253921b5d <unknown>
#6 0x56125393947c <unknown>
#7 0x561253921903 <unknown>
#8 0x5612538f4ece <unknown>
#9 0x5612538f5fde <unknown>
#10 0x561253b5663e <unknown>
#11 0x561253b59b79 <unknown>
#12 0x561253b3c89e <unknown>
#13 0x561253b5aa83 <unknown>
#14 0x561253b2f505 <unknown>
#15 0x561253b7bca8 <unknown>
#16 0x561253b7be36 <unknown>
#17 0x561253b97333 <unknown>
#18 0x7f6320830b43 <unknown>

PARSER 2023-01-09 20:58:03,166 INFO inf
Traceback (most recent call last):
  File "/home/ivan/PROJECT/RealEstate/pars_skript/position/get_position.py", line 123, in add_coord
    lat, lon = get_position_ya(street)
TypeError: cannot unpack non-iterable NoneType object
PARSER 2023-01-09 20:58:04,672 INFO Обновления id элемента яндекс
PARSER 2023-01-09 20:58:07,988 INFO Данные по координатам по адресу Калининград г Калининград, Кутаисский пер 2А получены успешно 
PARSER 2023-01-09 20:58:14,032 INFO Данные по координатам по адресу Калининград г Калининград, ул Рокоссовского 3 получены успешно 
PARSER 2023-01-09 20:58:19,645 INFO Данные по координатам по адресу Калининград 236020, г Калининград, ул Заводская 4 получены успешно 
PARSER 2023-01-09 20:58:21,028 INFO Обновления id элемента яндекс
PARSER 2023-01-09 20:58:24,361 INFO Данные по координатам по адресу Калининград г Калининград, Московский пр-кт 154 получены успешно 
PARSER 2023-01-09 20:58:29,696 INFO Данные по координатам по адресу Калининград г Калининград, ул Орудийная 48 получены успешно 
PARSER 2023-01-09 20:58:35,065 INFO Данные по координатам по адресу Калининград г Калининград, ул Красноармейская 25 получены успешно 
PARSER 2023-01-09 20:58:40,323 INFO Данные по координатам по адресу Калининград г Калининград, ул Космонавта Леонова 20 получены успешно 
PARSER 2023-01-09 20:58:45,869 INFO Данные по координатам по адресу Калининград г Калининград, Московский пр-кт 105 получены успешно 
PARSER 2023-01-09 20:58:51,205 INFO Данные по координатам по адресу Калининград г Калининград, ул Генерала Толстикова 79 получены успешно 
PARSER 2023-01-09 20:58:56,762 INFO Данные по координатам по адресу Калининград г Калининград, ул Коломенская 1 получены успешно 
PARSER 2023-01-09 20:59:02,474 INFO Данные по координатам по адресу Калининград г Калининград, ул Нансена 30 получены успешно 
PARSER 2023-01-09 20:59:07,600 INFO Данные по координатам по адресу Калининград г Калининград, ул Черняховского 62 получены успешно 
PARSER 2023-01-09 20:59:12,847 INFO Данные по координатам по адресу Калининград г Калининград, ул Красносельская 76 получены успешно 
PARSER 2023-01-09 20:59:14,497 INFO Обновления id элемента яндекс
PARSER 2023-01-09 20:59:17,817 INFO Данные по координатам по адресу Калининград г Калининград, ул Дзержинского 168А получены успешно 
PARSER 2023-01-09 20:59:23,064 INFO Данные по координатам по адресу Калининград г Калининград, ул Каштановая аллея 165 получены успешно 
PARSER 2023-01-09 20:59:24,381 INFO Обновления id элемента яндекс
PARSER 2023-01-09 20:59:27,725 INFO Данные по координатам по адресу Калининград г Калининград, ул Чекистов 9 получены успешно 
PARSER 2023-01-09 20:59:33,027 INFO Данные по координатам по адресу Калининград г Калининград, ул Свердлова 13 получены успешно 
PARSER 2023-01-09 20:59:34,410 INFO Обновления id элемента яндекс
PARSER 2023-01-09 20:59:37,710 INFO Данные по координатам по адресу Калининград г Калининград, ул Ю.Гагарина 8 получены успешно 
PARSER 2023-01-09 20:59:43,123 INFO Данные по координатам по адресу Калининград г Калининград, ул Алябьева 18 получены успешно 
PARSER 2023-01-09 20:59:49,134 INFO Данные по координатам по адресу Калининград г Калининград, ул Лукашова 24 получены успешно 
PARSER 2023-01-09 20:59:54,702 INFO Данные по координатам по адресу г Калининград, ул Березовая 34 получены успешно 
PARSER 2023-01-09 21:00:00,282 INFO Данные по координатам по адресу Калининград Петра Панина 10 получены успешно 
PARSER 2023-01-09 21:00:01,726 INFO Обновления id элемента яндекс
PARSER 2023-01-09 21:00:05,075 INFO Данные по координатам по адресу Калининград г Калининград, ул Володарского 4А получены успешно 
PARSER 2023-01-09 21:00:06,377 INFO Обновления id элемента яндекс
PARSER 2023-01-09 21:00:09,724 INFO Данные по координатам по адресу Калининград г Калининград, ул Земельная 4А получены успешно 
PARSER 2023-01-09 21:00:14,971 INFO Данные по координатам по адресу Калининград г Калининград, ул Ю.Гагарина 54 получены успешно 
PARSER 2023-01-09 21:00:20,285 INFO Данные по координатам по адресу Калининград г Калининград, ул Пролетарская 47 получены успешно 
PARSER 2023-01-09 21:00:25,488 INFO Данные по координатам по адресу Калининград г Калининград, ул Герцена 1Ж получены успешно 
PARSER 2023-01-09 21:00:31,200 INFO Данные по координатам по адресу Калининград поселок Люблино Железнодорожная  22 получены успешно 
PARSER 2023-01-09 21:00:36,527 INFO Данные по координатам по адресу Калининград г Калининград, ул Аксакова 133 получены успешно 
PARSER 2023-01-09 21:00:41,994 INFO Данные по координатам по адресу Калининград г Калининград, ул Красная 73 получены успешно 
PARSER 2023-01-09 21:00:48,226 INFO Данные по координатам по адресу Калининград г Калининград, пр-кт Мира 86А получены успешно 
PARSER 2023-01-09 21:00:54,060 INFO Данные по координатам по адресу Калининград г Калининград, ул Сергеева 41 получены успешно 
PARSER 2023-01-09 21:00:59,584 INFO Данные по координатам по адресу Калининград г Калининград, ул Товарная 19 получены успешно 
PARSER 2023-01-09 21:01:01,062 INFO Обновления id элемента яндекс
PARSER 2023-01-09 21:01:04,400 INFO Данные по координатам по адресу Калининград г Калининград, ул Каштановая аллея 73 получены успешно 
PARSER 2023-01-09 21:01:05,853 INFO Обновления id элемента яндекс
PARSER 2023-01-09 21:01:09,182 INFO Данные по координатам по адресу Калининград г Калининград, Парковый пер 8 получены успешно 
PARSER 2023-01-09 21:01:15,160 INFO Данные по координатам по адресу г Калининград, Ремонтный пер 6 получены успешно 
PARSER 2023-01-09 21:01:16,561 INFO Обновления id элемента яндекс
PARSER 2023-01-09 21:01:19,909 INFO Данные по координатам по адресу Калининград г Калининград, ул А.Невского 28 получены успешно 
PARSER 2023-01-09 21:01:25,787 INFO Данные по координатам по адресу Калининград г Калининград, ул 1812 года 37 получены успешно 
PARSER 2023-01-09 21:01:31,599 INFO Данные по координатам по адресу Калининград г Калининград, ул Генерала Галицкого 29 получены успешно 
PARSER 2023-01-09 21:01:36,846 INFO Данные по координатам по адресу Калининград г Калининград, ул Свердлова 10 получены успешно 
PARSER 2023-01-09 21:01:42,118 INFO Данные по координатам по адресу Калининград г Калининград, ул Космическая 20 получены успешно 
PARSER 2023-01-09 21:01:47,418 INFO Данные по координатам по адресу Калининград г Калининград, ул Чувашская 4Б получены успешно 
PARSER 2023-01-09 21:01:52,588 INFO Данные по координатам по адресу Калининград г Калининград, ул Банковская 19 получены успешно 
PARSER 2023-01-09 21:01:54,067 INFO Обновления id элемента яндекс
PARSER 2023-01-09 21:01:57,403 INFO Данные по координатам по адресу Калининград г Калининград, ул Автомобильная 24 получены успешно 
PARSER 2023-01-09 21:01:58,880 INFO Обновления id элемента яндекс
PARSER 2023-01-09 21:02:02,174 INFO Данные по координатам по адресу Калининград г Калининград, ул К.Маркса 38 получены успешно 
PARSER 2023-01-09 21:02:07,466 INFO Данные по координатам по адресу Калининград г Калининград, ул Счастливая 3 получены успешно 
PARSER 2023-01-09 21:02:08,883 INFO Обновления id элемента яндекс
PARSER 2023-01-09 21:02:12,182 INFO Данные по координатам по адресу Калининград г Калининград, ул Еловая аллея 9 получены успешно 
PARSER 2023-01-09 21:02:18,004 INFO Данные по координатам по адресу Калининград г Калининград, ул Лазурная 6 получены успешно 
PARSER 2023-01-09 21:02:23,772 INFO Данные по координатам по адресу Калининград г Калининград, ул К.Маркса 30 получены успешно 
PARSER 2023-01-09 21:02:25,171 INFO Обновления id элемента яндекс
PARSER 2023-01-09 21:02:28,488 INFO Данные по координатам по адресу Калининград г Калининград, ул Алябьева 3 получены успешно 
PARSER 2023-01-09 21:02:33,746 INFO Данные по координатам по адресу Калининград г Калининград, Свободный пер 6 получены успешно 
PARSER 2023-01-09 21:02:39,049 INFO Данные по координатам по адресу Калининград г Калининград, Центральная пл 3А получены успешно 
PARSER 2023-01-09 21:02:44,395 INFO Данные по координатам по адресу Калининград г Калининград, ул Счастливая 14 получены успешно 
PARSER 2023-01-09 21:02:46,059 INFO Обновления id элемента яндекс
PARSER 2023-01-09 21:02:49,311 WARNING Не удалось получить координаты с яндекс улица Калининград г Калининград, ул Тенистая аллея 48Б Message: no such element: Unable to locate element: {"method":"css selector","selector":".toponym-card-title-view__coords-badge"}
  (Session info: headless chrome=108.0.5359.124)
Stacktrace:
#0 0x55837ce9e2a3 <unknown>
#1 0x55837cc5cf77 <unknown>
#2 0x55837cc9980c <unknown>
#3 0x55837cc99a71 <unknown>
#4 0x55837ccd3734 <unknown>
#5 0x55837ccb9b5d <unknown>
#6 0x55837ccd147c <unknown>
#7 0x55837ccb9903 <unknown>
#8 0x55837cc8cece <unknown>
#9 0x55837cc8dfde <unknown>
#10 0x55837ceee63e <unknown>
#11 0x55837cef1b79 <unknown>
#12 0x55837ced489e <unknown>
#13 0x55837cef2a83 <unknown>
#14 0x55837cec7505 <unknown>
#15 0x55837cf13ca8 <unknown>
#16 0x55837cf13e36 <unknown>
#17 0x55837cf2f333 <unknown>
#18 0x7f5ca513fb43 <unknown>

PARSER 2023-01-09 21:02:49,363 INFO inf
Traceback (most recent call last):
  File "/home/ivan/PROJECT/RealEstate/pars_skript/position/get_position.py", line 127, in add_coord
    lat, lon = get_position_ya(street)
TypeError: cannot unpack non-iterable NoneType object
PARSER 2023-01-09 21:02:51,132 INFO Обновления id элемента яндекс
PARSER 2023-01-09 21:02:54,403 INFO Данные по координатам по адресу Калининград Любви Шевцовой 51 получены успешно 
PARSER 2023-01-09 21:02:59,882 INFO Данные по координатам по адресу Калининград г Калининград, ул Черняховского 66 получены успешно 
PARSER 2023-01-09 21:03:01,295 INFO Обновления id элемента яндекс
PARSER 2023-01-09 21:03:04,620 INFO Данные по координатам по адресу Калининград г Калининград, ул Тенистая аллея 17 получены успешно 
PARSER 2023-01-09 21:03:10,022 INFO Данные по координатам по адресу Калининград г Калининград, ул Серпуховская 34 получены успешно 
PARSER 2023-01-09 21:03:15,584 INFO Данные по координатам по адресу г Калининград, ул Волховская 18 получены успешно 
PARSER 2023-01-09 21:03:20,849 INFO Данные по координатам по адресу Калининград г Калининград, ул Чувашская 11 получены успешно 
PARSER 2023-01-09 21:03:22,209 INFO Обновления id элемента яндекс
PARSER 2023-01-09 21:03:25,509 INFO Данные по координатам по адресу Калининград г Калининград, Московский пр-кт 30 получены успешно 
PARSER 2023-01-09 21:03:30,757 INFO Данные по координатам по адресу Калининград г Калининград, ул Светлая 30 получены успешно 
PARSER 2023-01-09 21:03:32,101 INFO Обновления id элемента яндекс
PARSER 2023-01-09 21:03:35,428 INFO Данные по координатам по адресу Калининград г Калининград, ул Тихорецкая 18 получены успешно 
PARSER 2023-01-09 21:03:40,697 INFO Данные по координатам по адресу Калининград г Калининград, Северный пер 16 получены успешно 
PARSER 2023-01-09 21:03:46,255 INFO Данные по координатам по адресу Калининград г Калининград, ул Интернациональная 41 получены успешно 
PARSER 2023-01-09 21:03:51,524 INFO Данные по координатам по адресу Калининград г Калининград, ул Нарвская 6А получены успешно 
PARSER 2023-01-09 21:03:53,334 INFO Обновления id элемента яндекс
PARSER 2023-01-09 21:03:56,627 INFO Данные по координатам по адресу г Калининград, Театральный пер 3 получены успешно 
PARSER 2023-01-09 21:04:02,184 INFO Данные по координатам по адресу Калининград г Калининград, ул Судостроительная 36 получены успешно 
PARSER 2023-01-09 21:04:07,487 INFO Данные по координатам по адресу Калининград г Калининград, ул Горького 172 получены успешно 
PARSER 2023-01-09 21:04:13,376 INFO Данные по координатам по адресу Калининград Любови Шевцовой 5 получены успешно 
PARSER 2023-01-09 21:04:18,734 INFO Данные по координатам по адресу Калининград г Калининград, ул А.Невского 37 получены успешно 
PARSER 2023-01-09 21:04:20,012 INFO Обновления id элемента яндекс
PARSER 2023-01-09 21:04:23,361 INFO Данные по координатам по адресу Калининград г Калининград, ул Комсомольская 53 получены успешно 
PARSER 2023-01-09 21:04:24,730 INFO Обновления id элемента яндекс
PARSER 2023-01-09 21:04:28,044 INFO Данные по координатам по адресу Калининград г Калининград, ул Осенняя 30 получены успешно 
PARSER 2023-01-09 21:04:33,302 INFO Данные по координатам по адресу Калининград г Калининград, ул Генерала Толстикова 55 получены успешно 
PARSER 2023-01-09 21:04:34,895 INFO Обновления id элемента яндекс
PARSER 2023-01-09 21:04:38,239 INFO Данные по координатам по адресу Калининград г Калининград, ул Минина и Пожарского 10 получены успешно 
PARSER 2023-01-09 21:04:40,053 INFO Обновления id элемента яндекс
PARSER 2023-01-09 21:04:43,361 INFO Данные по координатам по адресу Калининград г Калининград, ул Офицерская 10 получены успешно 
PARSER 2023-01-09 21:04:45,988 INFO Обновления id элемента яндекс
PARSER 2023-01-09 21:04:49,276 INFO Данные по координатам по адресу Калининград Виктора Талалихина 8 получены успешно 
PARSER 2023-01-09 21:04:51,300 INFO Обновления id элемента яндекс
PARSER 2023-01-09 21:04:54,601 INFO Данные по координатам по адресу Калининград г Калининград, ул Нарвская 25 получены успешно 
PARSER 2023-01-09 21:04:56,491 INFO Обновления id элемента яндекс
PARSER 2023-01-09 21:04:59,782 INFO Данные по координатам по адресу Калининград г Калининград, ул К.Маркса 67 получены успешно 
PARSER 2023-01-09 21:05:05,383 INFO Данные по координатам по адресу Калининград г Калининград, ул Ялтинская 77 получены успешно 
PARSER 2023-01-09 21:05:07,197 INFO Обновления id элемента яндекс
PARSER 2023-01-09 21:05:10,509 INFO Данные по координатам по адресу г Калининград, пер Ржевский 2-й 12 получены успешно 
PARSER 2023-01-09 21:05:15,767 INFO Данные по координатам по адресу Калининград г Калининград, ул Марата 7 получены успешно 
PARSER 2023-01-09 21:05:21,303 INFO Данные по координатам по адресу г Калининград, ул Дорожная 22 получены успешно 
PARSER 2023-01-09 21:05:27,070 INFO Данные по координатам по адресу Калининград г Калининград, ул Алябьева 21 получены успешно 
PARSER 2023-01-09 21:05:32,262 INFO Данные по координатам по адресу Калининград г Калининград, ул Лесопильная 64 получены успешно 
PARSER 2023-01-09 21:05:37,775 INFO Данные по координатам по адресу Калининград г Калининград, ул Судостроительная 120 получены успешно 
PARSER 2023-01-09 21:05:39,269 INFO Обновления id элемента яндекс
PARSER 2023-01-09 21:05:42,579 INFO Данные по координатам по адресу Калининград г Калининград, ул Белинского 61 получены успешно 
PARSER 2023-01-09 21:05:44,061 INFO Обновления id элемента яндекс
PARSER 2023-01-09 21:05:47,406 INFO Данные по координатам по адресу Калининград г Калининград, ул Римская 33 к2 получены успешно 
PARSER 2023-01-09 21:05:48,746 INFO Обновления id элемента яндекс
PARSER 2023-01-09 21:05:52,077 INFO Данные по координатам по адресу Калининград г Калининград, ул А.Невского 119 получены успешно 
PARSER 2023-01-09 21:05:57,335 INFO Данные по координатам по адресу Калининград г Калининград, ул Генерала Челнокова 46 получены успешно 
PARSER 2023-01-09 21:05:58,839 INFO Обновления id элемента яндекс
PARSER 2023-01-09 21:06:02,140 INFO Данные по координатам по адресу Калининград г Калининград, Солнечный б-р 20 получены успешно 
PARSER 2023-01-09 21:06:07,343 INFO Данные по координатам по адресу Калининград г Калининград, ул Чекистов 100 получены успешно 
PARSER 2023-01-09 21:06:12,756 INFO Данные по координатам по адресу Калининград г Калининград, ул В.Гакуна 10 получены успешно 
